#
# A fatal error has been detected by the Java Runtime Environment:
#
#  SIGSEGV (0xb) at pc=0x00007fb30d1a5de9, pid=4343, tid=140406715119360
#
# JRE version: Java(TM) SE Runtime Environment (7.0_75-b13) (build 1.7.0_75-b13)
# Java VM: Java HotSpot(TM) 64-Bit Server VM (24.75-b04 mixed mode linux-amd64 compressed oops)
# Problematic frame:
# C  [libhoard.so+0xbde9]  HL::HybridHeap<8192, Hoard::ThreadPoolHeap<2048, 128, Hoard::PerThreadHoardHeap>, Hoard::BigHeap>::slowPath(unsigned long)+0x119
#
# Core dump written. Default location: /home/suresh/codes/Git/C-codes/src/sys_kernel/core or core.4343 (max size 1000000 kB). To ensure a full core dump, try "ulimit -c unlimited" before starting Java again
#
# If you would like to submit a bug report, please visit:
#   http://bugreport.sun.com/bugreport/crash.jsp
#

---------------  T H R E A D  ---------------

Current thread is native thread

siginfo:si_signo=SIGSEGV: si_errno=0, si_code=128 (), si_addr=0x0000000000000000

Registers:
RAX=0x0000000000000000, RBX=0x00007fb30d400a40, RCX=0x00007fb2fbc20070, RDX=0x7572747300000000
RSP=0x00007fb2fc5cdef0, RBP=0x000000000000002f, RSI=0x00007fb30d3e1638, RDI=0x00007fb30d3ae1c0
R8 =0x0000000000000000, R9 =0x000000000000002f, R10=0x000000000000002f, R11=0x0000000000000000
R12=0x0000000000042ba0, R13=0x00007fb30d3e1018, R14=0x00007fb30d3ae1a0, R15=0x00007fb30d4010d8
RIP=0x00007fb30d1a5de9, EFLAGS=0x0000000000010246, CSGSFS=0x0000000000000033, ERR=0x0000000000000000
  TRAPNO=0x000000000000000d

Top of Stack: (sp=0x00007fb2fc5cdef0)
0x00007fb2fc5cdef0:   00007fb2fbd30210 00007fb2fbd301f0
0x00007fb2fc5cdf00:   00007fb2fc5cdf50 00007fb30cf91d6f
0x00007fb2fc5cdf10:   00007fb2fc5cdf68 00007fb30d199440
0x00007fb2fc5cdf20:   0000000000000000 0000000000000000
0x00007fb2fc5cdf30:   0000000000000000 000000000000060f
0x00007fb2fc5cdf40:   00007fb2fc60ed70 0000000000000000
0x00007fb2fc5cdf50:   0000000000000000 00007fb2fc60f9c0
0x00007fb2fc5cdf60:   00007fb30d3ae1a0 00007fb30d1aab39
0x00007fb2fc5cdf70:   0000000000000000 000000000040209c
0x00007fb2fc5cdf80:   0000000000000000 0000000600000000
0x00007fb2fc5cdf90:   000000010000006a 0000000100000104
0x00007fb2fc5cdfa0:   0000000100000000 0000000000000004
0x00007fb2fc5cdfb0:   0000000000000001 0000000000000006
0x00007fb2fc5cdfc0:   00007fb2fc5ced60 00007fb2fc5ced65
0x00007fb2fc5cdfd0:   00007fb2fbde0070 0000000000000000
0x00007fb2fc5cdfe0:   0000000000000104 0000000000000000
0x00007fb2fc5cdff0:   00007fb2fbc20070 00007fb2fbd80110
0x00007fb2fc5ce000:   0000000000000000 0000000000000000
0x00007fb2fc5ce010:   0000000000000000 0000000000000000
0x00007fb2fc5ce020:   0000000000000000 0000000000000000
0x00007fb2fc5ce030:   0000000000000000 0000000000000000
0x00007fb2fc5ce040:   0000000000000000 0000000000000000
0x00007fb2fc5ce050:   0000000000000000 0000000000000000
0x00007fb2fc5ce060:   0000000000000000 0000000000000000
0x00007fb2fc5ce070:   0000000000000000 0000000000000000
0x00007fb2fc5ce080:   0000000000000000 0000000000000000
0x00007fb2fc5ce090:   0000000000000000 0000000000000000
0x00007fb2fc5ce0a0:   0000000000000000 0000000000000000
0x00007fb2fc5ce0b0:   0000000000000000 0000000000000000
0x00007fb2fc5ce0c0:   0000000000000000 0000000000000000
0x00007fb2fc5ce0d0:   0000000000000000 0000000000000000
0x00007fb2fc5ce0e0:   0000000000000000 0000000000000000 

Instructions: (pc=0x00007fb30d1a5de9)
0x00007fb30d1a5dc9:   48 8d 70 10 48 39 f1 0f 84 b1 06 00 00 48 8b 51
0x00007fb30d1a5dd9:   08 48 89 50 18 48 89 c8 48 2b 41 d8 80 79 a8 00
0x00007fb30d1a5de9:   48 89 32 0f 84 ab 05 00 00 48 8b 51 a0 48 8d 72
0x00007fb30d1a5df9:   ff 48 21 f0 48 29 c2 48 89 d0 49 03 45 10 49 3b 

Register to memory mapping:

RAX=0x0000000000000000 is an unknown value
RBX=0x00007fb30d400a40: _ZZN5Hoard18GeometricSizeClassILm20ELm16EE3c2sEiE5sizes+0 in /opt/hoard/linux64/libhoard.so at 0x00007fb30d19a000
RCX=0x00007fb2fbc20070 is an unknown value
RDX=0x7572747300000000 is an unknown value
RSP=0x00007fb2fc5cdef0 is an unknown value
RBP=0x000000000000002f is an unknown value
RSI=0x00007fb30d3e1638: <offset 0x247638> in /opt/hoard/linux64/libhoard.so at 0x00007fb30d19a000
RDI=0x00007fb30d3ae1c0: <offset 0x2141c0> in /opt/hoard/linux64/libhoard.so at 0x00007fb30d19a000
R8 =0x0000000000000000 is an unknown value
R9 =0x000000000000002f is an unknown value
R10=0x000000000000002f is an unknown value
R11=0x0000000000000000 is an unknown value
R12=0x0000000000042ba0 is an unknown value
R13=0x00007fb30d3e1018: <offset 0x247018> in /opt/hoard/linux64/libhoard.so at 0x00007fb30d19a000
R14=0x00007fb30d3ae1a0: anyThreadCreated+0 in /opt/hoard/linux64/libhoard.so at 0x00007fb30d19a000
R15=0x00007fb30d4010d8: _ZZN5Hoard18GeometricSizeClassILm20ELm16EE3c2sEiE4init+0 in /opt/hoard/linux64/libhoard.so at 0x00007fb30d19a000


Stack: [0x00007fb2fbe0f000,0x00007fb2fc610000],  sp=0x00007fb2fc5cdef0,  free space=7931k
Native frames: (J=compiled Java code, j=interpreted, Vv=VM code, C=native code)
C  [libhoard.so+0xbde9]  HL::HybridHeap<8192, Hoard::ThreadPoolHeap<2048, 128, Hoard::PerThreadHoardHeap>, Hoard::BigHeap>::slowPath(unsigned long)+0x119


---------------  P R O C E S S  ---------------

VM state:not at safepoint (normal execution)

VM Mutex/Monitor currently owned by a thread: None

Heap
 PSYoungGen      total 37376K, used 1935K [0x00000007d6e80000, 0x00000007d9800000, 0x0000000800000000)
  eden space 32256K, 6% used [0x00000007d6e80000,0x00000007d7063ec8,0x00000007d8e00000)
  from space 5120K, 0% used [0x00000007d9300000,0x00000007d9300000,0x00000007d9800000)
  to   space 5120K, 0% used [0x00000007d8e00000,0x00000007d8e00000,0x00000007d9300000)
 ParOldGen       total 83968K, used 0K [0x0000000784c00000, 0x0000000789e00000, 0x00000007d6e80000)
  object space 83968K, 0% used [0x0000000784c00000,0x0000000784c00000,0x0000000789e00000)
 PSPermGen       total 21504K, used 2412K [0x000000077fa00000, 0x0000000780f00000, 0x0000000784c00000)
  object space 21504K, 11% used [0x000000077fa00000,0x000000077fc5b278,0x0000000780f00000)

Card table byte_map: [0x00007fb305a74000,0x00007fb305e78000] byte_map_base: 0x00007fb301e77000

Polling page: 0x00007fb30d610000

Code Cache  [0x00007fb305f38000, 0x00007fb3061a8000, 0x00007fb308f38000)
 total_blobs=162 nmethods=0 adapters=131 free_code_cache=48775Kb largest_free_block=49946112

Compilation events (0 events):
No events

GC Heap History (0 events):
No events

Deoptimization events (0 events):
No events

Internal exceptions (10 events):
Event: 3.771 Thread 0x00007fb2fbd60800 Threw 0x00000007d6fcc588 at /HUDSON/workspace/7u-2-build-linux-amd64/jdk7u75/1940/hotspot/src/share/vm/prims/jvm.cpp:1281
Event: 7.955 Thread 0x00007fb2fbd60800 Threw 0x00000007d6fce1a0 at /HUDSON/workspace/7u-2-build-linux-amd64/jdk7u75/1940/hotspot/src/share/vm/prims/jni.cpp:4213
Event: 7.955 Thread 0x00007fb2fbd60800 Threw 0x00000007d6fce3a8 at /HUDSON/workspace/7u-2-build-linux-amd64/jdk7u75/1940/hotspot/src/share/vm/prims/jni.cpp:4213
Event: 8.687 Thread 0x00007fb2fbd60800 Threw 0x00000007d6fce5b0 at /HUDSON/workspace/7u-2-build-linux-amd64/jdk7u75/1940/hotspot/src/share/vm/prims/jni.cpp:4213
Event: 8.687 Thread 0x00007fb2fbd60800 Threw 0x00000007d6fce7b8 at /HUDSON/workspace/7u-2-build-linux-amd64/jdk7u75/1940/hotspot/src/share/vm/prims/jni.cpp:4213
Event: 9.211 Thread 0x00007fb2fbd60800 Threw 0x00000007d6fceaa0 at /HUDSON/workspace/7u-2-build-linux-amd64/jdk7u75/1940/hotspot/src/share/vm/prims/jni.cpp:4213
Event: 9.843 Thread 0x00007fb2fbd60800 Threw 0x00000007d6fceca8 at /HUDSON/workspace/7u-2-build-linux-amd64/jdk7u75/1940/hotspot/src/share/vm/prims/jni.cpp:4213
Event: 9.843 Thread 0x00007fb2fbd60800 Threw 0x00000007d6fceeb0 at /HUDSON/workspace/7u-2-build-linux-amd64/jdk7u75/1940/hotspot/src/share/vm/prims/jni.cpp:4213
Event: 10.283 Thread 0x00007fb2fbd60800 Threw 0x00000007d6fcf0b8 at /HUDSON/workspace/7u-2-build-linux-amd64/jdk7u75/1940/hotspot/src/share/vm/prims/jni.cpp:4213
Event: 10.284 Thread 0x00007fb2fbd60800 Threw 0x00000007d6fcf2c0 at /HUDSON/workspace/7u-2-build-linux-amd64/jdk7u75/1940/hotspot/src/share/vm/prims/jni.cpp:4213

Events (10 events):
Event: 3.763 loading class 0x00007fb2fbd00230
Event: 3.763 loading class 0x00007fb2fbd00230 done
Event: 3.771 loading class 0x00007fb2fbd002d0
Event: 3.771 loading class 0x00007fb2fbd002d0 done
Event: 4.045 Executing VM operation: EnableBiasedLocking
Event: 4.045 Executing VM operation: EnableBiasedLocking done
Event: 7.955 loading class 0x00007fb300f01220
Event: 7.955 loading class 0x00007fb300f01040
Event: 7.955 loading class 0x00007fb300f01040 done
Event: 7.955 loading class 0x00007fb300f01220 done


Dynamic libraries:
00400000-00406000 r-xp 00000000 08:03 12585843                           /home/suresh/codes/Git/C-codes/src/sys_kernel/server
00605000-00606000 r--p 00005000 08:03 12585843                           /home/suresh/codes/Git/C-codes/src/sys_kernel/server
00606000-00607000 rw-p 00006000 08:03 12585843                           /home/suresh/codes/Git/C-codes/src/sys_kernel/server
77fa00000-780f00000 rw-p 00000000 00:00 0 
780f00000-784c00000 rw-p 00000000 00:00 0 
784c00000-789e00000 rw-p 00000000 00:00 0 
789e00000-7d6e80000 rw-p 00000000 00:00 0 
7d6e80000-7d9800000 rw-p 00000000 00:00 0 
7d9800000-800000000 rw-p 00000000 00:00 0 
7fb2fb9d0000-7fb2fba23000 rwxp 00000000 00:00 0 
7fb2fba30000-7fb2fba73000 rwxp 00000000 00:00 0 
7fb2fba80000-7fb2fbac3000 rwxp 00000000 00:00 0 
7fb2fbad0000-7fb2fbb13000 rwxp 00000000 00:00 0 
7fb2fbb20000-7fb2fbb63000 rwxp 00000000 00:00 0 
7fb2fbb70000-7fb2fbbc3000 rwxp 00000000 00:00 0 
7fb2fbbd0000-7fb2fbc13000 rwxp 00000000 00:00 0 
7fb2fbc20000-7fb2fbc63000 rwxp 00000000 00:00 0 
7fb2fbc70000-7fb2fbcd3000 rwxp 00000000 00:00 0 
7fb2fbce0000-7fb2fbdd3000 rwxp 00000000 00:00 0 
7fb2fbde0000-7fb2fbe00000 rwxp 00000000 00:00 0 
7fb2fbe0f000-7fb2fbe10000 ---p 00000000 00:00 0 
7fb2fbe10000-7fb2fc610000 rw-p 00000000 00:00 0                          [stack:4360]
7fb2fc610000-7fb2fc620000 rwxp 00000000 00:00 0 
7fb2fc62f000-7fb2fc630000 ---p 00000000 00:00 0 
7fb2fc630000-7fb2fce30000 rw-p 00000000 00:00 0                          [stack:4359]
7fb2fce30000-7fb2fce40000 rwxp 00000000 00:00 0 
7fb2fce4d000-7fb2fce4e000 ---p 00000000 00:00 0 
7fb2fce4e000-7fb2fd64e000 rw-p 00000000 00:00 0                          [stack:4358]
7fb2fd64e000-7fb2fd64f000 ---p 00000000 00:00 0 
7fb2fd64f000-7fb2fde4f000 rw-p 00000000 00:00 0                          [stack:4357]
7fb2fde4f000-7fb2fde52000 ---p 00000000 00:00 0 
7fb2fde52000-7fb2fe650000 rw-p 00000000 00:00 0                          [stack:4356]
7fb2fe650000-7fb2fe670000 rwxp 00000000 00:00 0 
7fb2fe67f000-7fb2fe680000 ---p 00000000 00:00 0 
7fb2fe680000-7fb2fe780000 rw-p 00000000 00:00 0                          [stack:4355]
7fb2fe780000-7fb2fe789000 rwxp 00000000 00:00 0 
7fb2fe790000-7fb2fe7a9000 rwxp 00000000 00:00 0 
7fb2fe7b0000-7fb2fe7c0000 rwxp 00000000 00:00 0 
7fb2fe7cf000-7fb2fe7d2000 ---p 00000000 00:00 0 
7fb2fe7d2000-7fb2fe8d0000 rw-p 00000000 00:00 0                          [stack:4354]
7fb2fe8d0000-7fb2fe910000 rwxp 00000000 00:00 0 
7fb2fe91f000-7fb2fe922000 ---p 00000000 00:00 0 
7fb2fe922000-7fb2fea20000 rw-p 00000000 00:00 0                          [stack:4353]
7fb2fea20000-7fb2fea40000 rwxp 00000000 00:00 0 
7fb2fea4f000-7fb2fea52000 ---p 00000000 00:00 0 
7fb2fea52000-7fb2feb50000 rw-p 00000000 00:00 0                          [stack:4352]
7fb2feb50000-7fb2feb70000 rwxp 00000000 00:00 0 
7fb2feb7f000-7fb2feb82000 ---p 00000000 00:00 0 
7fb2feb82000-7fb2fec80000 rw-p 00000000 00:00 0                          [stack:4351]
7fb2fec80000-7fb2fec89000 rwxp 00000000 00:00 0 
7fb2fec90000-7fb2fecb0000 rwxp 00000000 00:00 0 
7fb2fecb2000-7fb2ff680000 r--p 00000000 08:03 6558446                    /usr/lib/locale/locale-archive
7fb2ff680000-7fb2ff6b0000 rwxp 00000000 00:00 0 
7fb2ff6bf000-7fb2ff6c2000 ---p 00000000 00:00 0 
7fb2ff6c2000-7fb2ff7c0000 rw-p 00000000 00:00 0                          [stack:4350]
7fb2ff7c0000-7fb2ff7d7000 rwxp 00000000 00:00 0 
7fb2ff7e0000-7fb2ff800000 rwxp 00000000 00:00 0 
7fb2ff80f000-7fb2ff812000 ---p 00000000 00:00 0 
7fb2ff812000-7fb2ff910000 rw-p 00000000 00:00 0                          [stack:4349]
7fb2ff910000-7fb2ff940000 rwxp 00000000 00:00 0 
7fb2ff94f000-7fb2ff950000 ---p 00000000 00:00 0 
7fb2ff950000-7fb2ffa50000 rw-p 00000000 00:00 0                          [stack:4348]
7fb2ffa50000-7fb2ffb6f000 rwxp 00000000 00:00 0 
7fb2ffb70000-7fb2ffc8f000 rwxp 00000000 00:00 0 
7fb2ffc90000-7fb2ffdaf000 rwxp 00000000 00:00 0 
7fb2ffdb0000-7fb2ffecf000 rwxp 00000000 00:00 0 
7fb2ffed0000-7fb2fffef000 rwxp 00000000 00:00 0 
7fb2ffff0000-7fb300011000 rwxp 00000000 00:00 0 
7fb300020000-7fb30013f000 rwxp 00000000 00:00 0 
7fb300140000-7fb300161000 rwxp 00000000 00:00 0 
7fb300170000-7fb30028f000 rwxp 00000000 00:00 0 
7fb300290000-7fb3002b1000 rwxp 00000000 00:00 0 
7fb3002c0000-7fb3003df000 rwxp 00000000 00:00 0 
7fb3003e0000-7fb300401000 rwxp 00000000 00:00 0 
7fb300410000-7fb30052f000 rwxp 00000000 00:00 0 
7fb300530000-7fb300551000 rwxp 00000000 00:00 0 
7fb300560000-7fb30067f000 rwxp 00000000 00:00 0 
7fb300680000-7fb30079f000 rwxp 00000000 00:00 0 
7fb3007a0000-7fb3008bf000 rwxp 00000000 00:00 0 
7fb3008c0000-7fb3009df000 rwxp 00000000 00:00 0 
7fb3009e0000-7fb300aff000 rwxp 00000000 00:00 0 
7fb300b00000-7fb300c1f000 rwxp 00000000 00:00 0 
7fb300c20000-7fb300c35000 rwxp 00000000 00:00 0 
7fb300c40000-7fb300c49000 rwxp 00000000 00:00 0 
7fb300c50000-7fb300c5b000 rwxp 00000000 00:00 0 
7fb300c60000-7fb300cb1000 rwxp 00000000 00:00 0 
7fb300cb1000-7fb300e70000 r--s 039eb000 08:03 19270385                   /opt/java/jdk1.7.0_75/jre/lib/rt.jar
7fb300e70000-7fb300efb000 rwxp 00000000 00:00 0 
7fb300f00000-7fb300f61000 rwxp 00000000 00:00 0 
7fb300f70000-7fb300f9f000 rwxp 00000000 00:00 0 
7fb300fab000-7fb3053de000 rw-p 00000000 00:00 0 
7fb3053de000-7fb3053df000 ---p 00000000 00:00 0 
7fb3053df000-7fb3054df000 rw-p 00000000 00:00 0                          [stack:4347]
7fb3054df000-7fb3054e0000 ---p 00000000 00:00 0 
7fb3054e0000-7fb3055e0000 rw-p 00000000 00:00 0                          [stack:4346]
7fb3055e0000-7fb3055e1000 ---p 00000000 00:00 0 
7fb3055e1000-7fb3056e1000 rw-p 00000000 00:00 0                          [stack:4345]
7fb3056e1000-7fb3056e2000 ---p 00000000 00:00 0 
7fb3056e2000-7fb30580b000 rw-p 00000000 00:00 0                          [stack:4344]
7fb30580b000-7fb305a74000 rw-p 00000000 00:00 0 
7fb305a74000-7fb305a7f000 rw-p 00000000 00:00 0 
7fb305a7f000-7fb305a9d000 rw-p 00000000 00:00 0 
7fb305a9d000-7fb305ac6000 rw-p 00000000 00:00 0 
7fb305ac6000-7fb305d2e000 rw-p 00000000 00:00 0 
7fb305d2e000-7fb305d43000 rw-p 00000000 00:00 0 
7fb305d43000-7fb305e77000 rw-p 00000000 00:00 0 
7fb305e77000-7fb305e82000 rw-p 00000000 00:00 0 
7fb305e82000-7fb305f38000 rw-p 00000000 00:00 0 
7fb305f38000-7fb3061a8000 rwxp 00000000 00:00 0 
7fb3061a8000-7fb308f38000 rw-p 00000000 00:00 0 
7fb308f38000-7fb308f52000 r-xp 00000000 08:03 19269728                   /opt/java/jdk1.7.0_75/jre/lib/amd64/libzip.so
7fb308f52000-7fb309152000 ---p 0001a000 08:03 19269728                   /opt/java/jdk1.7.0_75/jre/lib/amd64/libzip.so
7fb309152000-7fb309153000 rw-p 0001a000 08:03 19269728                   /opt/java/jdk1.7.0_75/jre/lib/amd64/libzip.so
7fb309153000-7fb30915e000 r-xp 00000000 08:03 2359394                    /lib/x86_64-linux-gnu/libnss_files-2.19.so
7fb30915e000-7fb30935d000 ---p 0000b000 08:03 2359394                    /lib/x86_64-linux-gnu/libnss_files-2.19.so
7fb30935d000-7fb30935e000 r--p 0000a000 08:03 2359394                    /lib/x86_64-linux-gnu/libnss_files-2.19.so
7fb30935e000-7fb30935f000 rw-p 0000b000 08:03 2359394                    /lib/x86_64-linux-gnu/libnss_files-2.19.so
7fb30935f000-7fb30936a000 r-xp 00000000 08:03 2363385                    /lib/x86_64-linux-gnu/libnss_nis-2.19.so
7fb30936a000-7fb309569000 ---p 0000b000 08:03 2363385                    /lib/x86_64-linux-gnu/libnss_nis-2.19.so
7fb309569000-7fb30956a000 r--p 0000a000 08:03 2363385                    /lib/x86_64-linux-gnu/libnss_nis-2.19.so
7fb30956a000-7fb30956b000 rw-p 0000b000 08:03 2363385                    /lib/x86_64-linux-gnu/libnss_nis-2.19.so
7fb30956b000-7fb309582000 r-xp 00000000 08:03 2363181                    /lib/x86_64-linux-gnu/libnsl-2.19.so
7fb309582000-7fb309781000 ---p 00017000 08:03 2363181                    /lib/x86_64-linux-gnu/libnsl-2.19.so
7fb309781000-7fb309782000 r--p 00016000 08:03 2363181                    /lib/x86_64-linux-gnu/libnsl-2.19.so
7fb309782000-7fb309783000 rw-p 00017000 08:03 2363181                    /lib/x86_64-linux-gnu/libnsl-2.19.so
7fb309783000-7fb309785000 rw-p 00000000 00:00 0 
7fb309785000-7fb30978e000 r-xp 00000000 08:03 2359402                    /lib/x86_64-linux-gnu/libnss_compat-2.19.so
7fb30978e000-7fb30998d000 ---p 00009000 08:03 2359402                    /lib/x86_64-linux-gnu/libnss_compat-2.19.so
7fb30998d000-7fb30998e000 r--p 00008000 08:03 2359402                    /lib/x86_64-linux-gnu/libnss_compat-2.19.so
7fb30998e000-7fb30998f000 rw-p 00009000 08:03 2359402                    /lib/x86_64-linux-gnu/libnss_compat-2.19.so
7fb30998f000-7fb3099b8000 r-xp 00000000 08:03 19269694                   /opt/java/jdk1.7.0_75/jre/lib/amd64/libjava.so
7fb3099b8000-7fb309bb8000 ---p 00029000 08:03 19269694                   /opt/java/jdk1.7.0_75/jre/lib/amd64/libjava.so
7fb309bb8000-7fb309bba000 rw-p 00029000 08:03 19269694                   /opt/java/jdk1.7.0_75/jre/lib/amd64/libjava.so
7fb309bba000-7fb309bc7000 r-xp 00000000 08:03 19269721                   /opt/java/jdk1.7.0_75/jre/lib/amd64/libverify.so
7fb309bc7000-7fb309dc6000 ---p 0000d000 08:03 19269721                   /opt/java/jdk1.7.0_75/jre/lib/amd64/libverify.so
7fb309dc6000-7fb309dc8000 rw-p 0000c000 08:03 19269721                   /opt/java/jdk1.7.0_75/jre/lib/amd64/libverify.so
7fb309dc8000-7fb309dcf000 r-xp 00000000 08:03 2363280                    /lib/x86_64-linux-gnu/librt-2.19.so
7fb309dcf000-7fb309fce000 ---p 00007000 08:03 2363280                    /lib/x86_64-linux-gnu/librt-2.19.so
7fb309fce000-7fb309fcf000 r--p 00006000 08:03 2363280                    /lib/x86_64-linux-gnu/librt-2.19.so
7fb309fcf000-7fb309fd0000 rw-p 00007000 08:03 2363280                    /lib/x86_64-linux-gnu/librt-2.19.so
7fb309fd0000-7fb30a825000 rwxp 00000000 00:00 0 
7fb30a830000-7fb30b085000 rwxp 00000000 00:00 0 
7fb30b092000-7fb30b197000 r-xp 00000000 08:03 2359393                    /lib/x86_64-linux-gnu/libm-2.19.so
7fb30b197000-7fb30b396000 ---p 00105000 08:03 2359393                    /lib/x86_64-linux-gnu/libm-2.19.so
7fb30b396000-7fb30b397000 r--p 00104000 08:03 2359393                    /lib/x86_64-linux-gnu/libm-2.19.so
7fb30b397000-7fb30b398000 rw-p 00105000 08:03 2359393                    /lib/x86_64-linux-gnu/libm-2.19.so
7fb30b398000-7fb30b3ae000 r-xp 00000000 08:03 2359387                    /lib/x86_64-linux-gnu/libgcc_s.so.1
7fb30b3ae000-7fb30b5ad000 ---p 00016000 08:03 2359387                    /lib/x86_64-linux-gnu/libgcc_s.so.1
7fb30b5ad000-7fb30b5ae000 r--p 00015000 08:03 2359387                    /lib/x86_64-linux-gnu/libgcc_s.so.1
7fb30b5ae000-7fb30b5af000 rw-p 00016000 08:03 2359387                    /lib/x86_64-linux-gnu/libgcc_s.so.1
7fb30b5af000-7fb30b71c000 r-xp 00000000 08:03 6564484                    /usr/lib/x86_64-linux-gnu/libstdc++.so.6.0.21
7fb30b71c000-7fb30b91b000 ---p 0016d000 08:03 6564484                    /usr/lib/x86_64-linux-gnu/libstdc++.so.6.0.21
7fb30b91b000-7fb30b925000 r--p 0016c000 08:03 6564484                    /usr/lib/x86_64-linux-gnu/libstdc++.so.6.0.21
7fb30b925000-7fb30b927000 rw-p 00176000 08:03 6564484                    /usr/lib/x86_64-linux-gnu/libstdc++.so.6.0.21
7fb30b927000-7fb30b92b000 rw-p 00000000 00:00 0 
7fb30b92b000-7fb30b92e000 r-xp 00000000 08:03 2359397                    /lib/x86_64-linux-gnu/libdl-2.19.so
7fb30b92e000-7fb30bb2d000 ---p 00003000 08:03 2359397                    /lib/x86_64-linux-gnu/libdl-2.19.so
7fb30bb2d000-7fb30bb2e000 r--p 00002000 08:03 2359397                    /lib/x86_64-linux-gnu/libdl-2.19.so
7fb30bb2e000-7fb30bb2f000 rw-p 00003000 08:03 2359397                    /lib/x86_64-linux-gnu/libdl-2.19.so
7fb30bb2f000-7fb30bcea000 r-xp 00000000 08:03 2363264                    /lib/x86_64-linux-gnu/libc-2.19.so
7fb30bcea000-7fb30bee9000 ---p 001bb000 08:03 2363264                    /lib/x86_64-linux-gnu/libc-2.19.so
7fb30bee9000-7fb30beed000 r--p 001ba000 08:03 2363264                    /lib/x86_64-linux-gnu/libc-2.19.so
7fb30beed000-7fb30beef000 rw-p 001be000 08:03 2363264                    /lib/x86_64-linux-gnu/libc-2.19.so
7fb30beef000-7fb30bef4000 rw-p 00000000 00:00 0 
7fb30bef4000-7fb30ca67000 r-xp 00000000 08:03 19269748                   /opt/java/jdk1.7.0_75/jre/lib/amd64/server/libjvm.so
7fb30ca67000-7fb30cc67000 ---p 00b73000 08:03 19269748                   /opt/java/jdk1.7.0_75/jre/lib/amd64/server/libjvm.so
7fb30cc67000-7fb30cd2b000 rw-p 00b73000 08:03 19269748                   /opt/java/jdk1.7.0_75/jre/lib/amd64/server/libjvm.so
7fb30cd2b000-7fb30cd6c000 rw-p 00000000 00:00 0 
7fb30cd6c000-7fb30cd85000 r-xp 00000000 08:03 2363276                    /lib/x86_64-linux-gnu/libpthread-2.19.so
7fb30cd85000-7fb30cf84000 ---p 00019000 08:03 2363276                    /lib/x86_64-linux-gnu/libpthread-2.19.so
7fb30cf84000-7fb30cf85000 r--p 00018000 08:03 2363276                    /lib/x86_64-linux-gnu/libpthread-2.19.so
7fb30cf85000-7fb30cf86000 rw-p 00019000 08:03 2363276                    /lib/x86_64-linux-gnu/libpthread-2.19.so
7fb30cf86000-7fb30cf8a000 rw-p 00000000 00:00 0 
7fb30cf8a000-7fb30cf99000 r-xp 00000000 08:03 12586619                   /home/suresh/codes/Git/C-codes/src/sys_kernel/libq.so
7fb30cf99000-7fb30d198000 ---p 0000f000 08:03 12586619                   /home/suresh/codes/Git/C-codes/src/sys_kernel/libq.so
7fb30d198000-7fb30d199000 r--p 0000e000 08:03 12586619                   /home/suresh/codes/Git/C-codes/src/sys_kernel/libq.so
7fb30d199000-7fb30d19a000 rw-p 0000f000 08:03 12586619                   /home/suresh/codes/Git/C-codes/src/sys_kernel/libq.so
7fb30d19a000-7fb30d1ad000 r-xp 00000000 08:03 19274299                   /opt/hoard/linux64/libhoard.so
7fb30d1ad000-7fb30d3ad000 ---p 00013000 08:03 19274299                   /opt/hoard/linux64/libhoard.so
7fb30d3ad000-7fb30d3ae000 r--p 00013000 08:03 19274299                   /opt/hoard/linux64/libhoard.so
7fb30d3ae000-7fb30d3af000 rw-p 00014000 08:03 19274299                   /opt/hoard/linux64/libhoard.so
7fb30d3af000-7fb30d402000 rw-p 00000000 00:00 0 
7fb30d402000-7fb30d425000 r-xp 00000000 08:03 2363257                    /lib/x86_64-linux-gnu/ld-2.19.so
7fb30d430000-7fb30d439000 rwxp 00000000 00:00 0 
7fb30d440000-7fb30d470000 rwxp 00000000 00:00 0 
7fb30d47e000-7fb30d4b2000 rw-p 00000000 00:00 0 
7fb30d4b2000-7fb30d4d0000 rw-p 00000000 00:00 0 
7fb30d4d0000-7fb30d4f6000 rwxp 00000000 00:00 0 
7fb30d500000-7fb30d506000 rwxp 00000000 00:00 0 
7fb30d510000-7fb30d514000 rwxp 00000000 00:00 0 
7fb30d520000-7fb30d524000 rwxp 00000000 00:00 0 
7fb30d530000-7fb30d549000 rwxp 00000000 00:00 0 
7fb30d550000-7fb30d5d3000 rwxp 00000000 00:00 0 
7fb30d5db000-7fb30d5fb000 rwxp 00000000 00:00 0 
7fb30d5fb000-7fb30d602000 rw-p 00000000 00:00 0 
7fb30d606000-7fb30d607000 rw-p 00000000 00:00 0 
7fb30d607000-7fb30d60f000 rw-s 00000000 08:03 6160413                    /tmp/hsperfdata_suresh/4343
7fb30d60f000-7fb30d610000 rw-p 00000000 00:00 0 
7fb30d610000-7fb30d611000 r--p 00000000 00:00 0 
7fb30d611000-7fb30d621000 rwxp 00000000 00:00 0 
7fb30d621000-7fb30d624000 rw-p 00000000 00:00 0 
7fb30d624000-7fb30d625000 r--p 00022000 08:03 2363257                    /lib/x86_64-linux-gnu/ld-2.19.so
7fb30d625000-7fb30d626000 rw-p 00023000 08:03 2363257                    /lib/x86_64-linux-gnu/ld-2.19.so
7fb30d626000-7fb30d627000 rw-p 00000000 00:00 0 
7fff77ddc000-7fff77ddf000 ---p 00000000 00:00 0 
7fff77de0000-7fff77edc000 rw-p 00000000 00:00 0                          [stack]
7fff77f1d000-7fff77f1f000 r-xp 00000000 00:00 0                          [vdso]
ffffffffff600000-ffffffffff601000 r-xp 00000000 00:00 0                  [vsyscall]

VM Arguments:
java_command: <unknown>
Launcher Type: generic

Environment Variables:
JAVA_HOME=/opt/java/current
PATH=/usr/bin:/opt/java/current/bin:/opt/maven/current/bin:/opt/hadoop/current/bin:/opt/spark/current/bin:/opt/hadoop/current/sbin:/bin:/usr/lib:/sbin:/usr/sbin:/opt/mysql/server-5.5/bin:/opt/mysql/server-5.5/lib:/opt/mysql/server-5.5/include:/opt/mysql/server-5.5/scripts:/opt/hive/current/bin:/usr/local/bin:/opt/phoenix/current/bin:/opt/hadoop/current//sbin:/opt/hadoop/current//bin:/opt/hbase/current/bin:/opt/cassandra/current/bin
LD_LIBRARY_PATH=/opt/kyotocabinet-1.2.76/:/lib:/usr/lib:/home/suresh/lib:/usr/local/lib/:/home/suresh/codes/Git/C-codes/src/sys_kernel/:/opt/java/jdk1.7.0_75/include/linux/:/opt/java/jdk1.7.0_75/jre/lib/amd64/server/
LD_PRELOAD=/opt/hoard/linux64/libhoard.so
SHELL=/bin/bash
DISPLAY=:0.0

Signal Handlers:
SIGSEGV: [libjvm.so+0x9a21f0], sa_mask[0]=0x7ffbfeff, sa_flags=0x10000004
SIGBUS: [libjvm.so+0x9a21f0], sa_mask[0]=0x7ffbfeff, sa_flags=0x10000004
SIGFPE: [libjvm.so+0x81ba40], sa_mask[0]=0x7ffbfeff, sa_flags=0x10000004
SIGPIPE: [libjvm.so+0x81ba40], sa_mask[0]=0x7ffbfeff, sa_flags=0x10000004
SIGXFSZ: [libjvm.so+0x81ba40], sa_mask[0]=0x7ffbfeff, sa_flags=0x10000004
SIGILL: [libjvm.so+0x81ba40], sa_mask[0]=0x7ffbfeff, sa_flags=0x10000004
SIGUSR1: [server+0x43ff], sa_mask[0]=0x00000000, sa_flags=0x00000000
SIGUSR2: [libjvm.so+0x81d240], sa_mask[0]=0x00000000, sa_flags=0x10000004
SIGHUP: [libjvm.so+0x81e360], sa_mask[0]=0x7ffbfeff, sa_flags=0x10000004
SIGINT: [libjvm.so+0x81e360], sa_mask[0]=0x7ffbfeff, sa_flags=0x10000004
SIGTERM: [libjvm.so+0x81e360], sa_mask[0]=0x7ffbfeff, sa_flags=0x10000004
SIGQUIT: [libjvm.so+0x81e360], sa_mask[0]=0x7ffbfeff, sa_flags=0x10000004


---------------  S Y S T E M  ---------------

OS:jessie/sid

uname:Linux 3.13.0-24-generic #46-Ubuntu SMP Thu Apr 10 19:11:08 UTC 2014 x86_64
libc:glibc 2.19 NPTL 2.19 
rlimit: STACK 8192k, CORE 1000000k, NPROC 62933, NOFILE 1000000, AS infinity
load average:1.60 0.84 0.59

/proc/meminfo:
MemTotal:        8076992 kB
MemFree:         3945644 kB
Buffers:          272876 kB
Cached:          1602416 kB
SwapCached:            0 kB
Active:          2515596 kB
Inactive:        1274960 kB
Active(anon):    1933612 kB
Inactive(anon):   233024 kB
Active(file):     581984 kB
Inactive(file):  1041936 kB
Unevictable:          48 kB
Mlocked:              48 kB
SwapTotal:             0 kB
SwapFree:              0 kB
Dirty:               144 kB
Writeback:             0 kB
AnonPages:       1915596 kB
Mapped:           394180 kB
Shmem:            251360 kB
Slab:             214944 kB
SReclaimable:     179460 kB
SUnreclaim:        35484 kB
KernelStack:        4848 kB
PageTables:        36996 kB
NFS_Unstable:          0 kB
Bounce:                0 kB
WritebackTmp:          0 kB
CommitLimit:     4038496 kB
Committed_AS:    6069868 kB
VmallocTotal:   34359738367 kB
VmallocUsed:      354052 kB
VmallocChunk:   34359375068 kB
HardwareCorrupted:     0 kB
AnonHugePages:    821248 kB
HugePages_Total:       0
HugePages_Free:        0
HugePages_Rsvd:        0
HugePages_Surp:        0
Hugepagesize:       2048 kB
DirectMap4k:       59868 kB
DirectMap2M:     8228864 kB


CPU:total 4 (2 cores per cpu, 2 threads per core) family 6 model 58 stepping 9, cmov, cx8, fxsr, mmx, sse, sse2, sse3, ssse3, sse4.1, sse4.2, popcnt, avx, erms, ht, tsc, tscinvbit, tscinv

/proc/cpuinfo:
processor	: 0
vendor_id	: GenuineIntel
cpu family	: 6
model		: 58
model name	: Intel(R) Core(TM) i3-3220 CPU @ 3.30GHz
stepping	: 9
microcode	: 0x15
cpu MHz		: 3300.000
cache size	: 3072 KB
physical id	: 0
siblings	: 4
core id		: 0
cpu cores	: 2
apicid		: 0
initial apicid	: 0
fpu		: yes
fpu_exception	: yes
cpuid level	: 13
wp		: yes
flags		: fpu vme de pse tsc msr pae mce cx8 apic sep mtrr pge mca cmov pat pse36 clflush dts acpi mmx fxsr sse sse2 ss ht tm pbe syscall nx rdtscp lm constant_tsc arch_perfmon pebs bts rep_good nopl xtopology nonstop_tsc aperfmperf eagerfpu pni pclmulqdq dtes64 monitor ds_cpl vmx est tm2 ssse3 cx16 xtpr pdcm pcid sse4_1 sse4_2 popcnt tsc_deadline_timer xsave avx f16c lahf_lm arat epb xsaveopt pln pts dtherm tpr_shadow vnmi flexpriority ept vpid fsgsbase smep erms
bogomips	: 6585.12
clflush size	: 64
cache_alignment	: 64
address sizes	: 36 bits physical, 48 bits virtual
power management:

processor	: 1
vendor_id	: GenuineIntel
cpu family	: 6
model		: 58
model name	: Intel(R) Core(TM) i3-3220 CPU @ 3.30GHz
stepping	: 9
microcode	: 0x15
cpu MHz		: 2800.000
cache size	: 3072 KB
physical id	: 0
siblings	: 4
core id		: 1
cpu cores	: 2
apicid		: 2
initial apicid	: 2
fpu		: yes
fpu_exception	: yes
cpuid level	: 13
wp		: yes
flags		: fpu vme de pse tsc msr pae mce cx8 apic sep mtrr pge mca cmov pat pse36 clflush dts acpi mmx fxsr sse sse2 ss ht tm pbe syscall nx rdtscp lm constant_tsc arch_perfmon pebs bts rep_good nopl xtopology nonstop_tsc aperfmperf eagerfpu pni pclmulqdq dtes64 monitor ds_cpl vmx est tm2 ssse3 cx16 xtpr pdcm pcid sse4_1 sse4_2 popcnt tsc_deadline_timer xsave avx f16c lahf_lm arat epb xsaveopt pln pts dtherm tpr_shadow vnmi flexpriority ept vpid fsgsbase smep erms
bogomips	: 6585.12
clflush size	: 64
cache_alignment	: 64
address sizes	: 36 bits physical, 48 bits virtual
power management:

processor	: 2
vendor_id	: GenuineIntel
cpu family	: 6
model		: 58
model name	: Intel(R) Core(TM) i3-3220 CPU @ 3.30GHz
stepping	: 9
microcode	: 0x15
cpu MHz		: 3300.000
cache size	: 3072 KB
physical id	: 0
siblings	: 4
core id		: 0
cpu cores	: 2
apicid		: 1
initial apicid	: 1
fpu		: yes
fpu_exception	: yes
cpuid level	: 13
wp		: yes
flags		: fpu vme de pse tsc msr pae mce cx8 apic sep mtrr pge mca cmov pat pse36 clflush dts acpi mmx fxsr sse sse2 ss ht tm pbe syscall nx rdtscp lm constant_tsc arch_perfmon pebs bts rep_good nopl xtopology nonstop_tsc aperfmperf eagerfpu pni pclmulqdq dtes64 monitor ds_cpl vmx est tm2 ssse3 cx16 xtpr pdcm pcid sse4_1 sse4_2 popcnt tsc_deadline_timer xsave avx f16c lahf_lm arat epb xsaveopt pln pts dtherm tpr_shadow vnmi flexpriority ept vpid fsgsbase smep erms
bogomips	: 6585.12
clflush size	: 64
cache_alignment	: 64
address sizes	: 36 bits physical, 48 bits virtual
power management:

processor	: 3
vendor_id	: GenuineIntel
cpu family	: 6
model		: 58
model name	: Intel(R) Core(TM) i3-3220 CPU @ 3.30GHz
stepping	: 9
microcode	: 0x15
cpu MHz		: 1600.000
cache size	: 3072 KB
physical id	: 0
siblings	: 4
core id		: 1
cpu cores	: 2
apicid		: 3
initial apicid	: 3
fpu		: yes
fpu_exception	: yes
cpuid level	: 13
wp		: yes
flags		: fpu vme de pse tsc msr pae mce cx8 apic sep mtrr pge mca cmov pat pse36 clflush dts acpi mmx fxsr sse sse2 ss ht tm pbe syscall nx rdtscp lm constant_tsc arch_perfmon pebs bts rep_good nopl xtopology nonstop_tsc aperfmperf eagerfpu pni pclmulqdq dtes64 monitor ds_cpl vmx est tm2 ssse3 cx16 xtpr pdcm pcid sse4_1 sse4_2 popcnt tsc_deadline_timer xsave avx f16c lahf_lm arat epb xsaveopt pln pts dtherm tpr_shadow vnmi flexpriority ept vpid fsgsbase smep erms
bogomips	: 6585.12
clflush size	: 64
cache_alignment	: 64
address sizes	: 36 bits physical, 48 bits virtual
power management:



Memory: 4k page, physical 8076992k(3945644k free), swap 0k(0k free)

vm_info: Java HotSpot(TM) 64-Bit Server VM (24.75-b04) for linux-amd64 JRE (1.7.0_75-b13), built on Dec 18 2014 16:45:18 by "java_re" with gcc 4.3.0 20080428 (Red Hat 4.3.0-8)

time: Mon Nov  2 10:46:57 2015
elapsed time: 16 seconds

