#
# A fatal error has been detected by the Java Runtime Environment:
#
#  SIGSEGV (0xb) at pc=0x00007fc5e0f2d1cb, pid=12887, tid=140487872415744
#
# JRE version: Java(TM) SE Runtime Environment (7.0_75-b13) (build 1.7.0_75-b13)
# Java VM: Java HotSpot(TM) 64-Bit Server VM (24.75-b04 mixed mode linux-amd64 compressed oops)
# Problematic frame:
# V  [libjvm.so+0x6581cb]  JNI_ArgumentPusherVaArg::JNI_ArgumentPusherVaArg(_jmethodID*, __va_list_tag*)+0x1b
#
# Core dump written. Default location: /home/suresh/codes/Git/C-codes/src/sys_kernel/core or core.12887 (max size 1000000 kB). To ensure a full core dump, try "ulimit -c unlimited" before starting Java again
#
# If you would like to submit a bug report, please visit:
#   http://bugreport.sun.com/bugreport/crash.jsp
#

---------------  T H R E A D  ---------------

Current thread (0x00007fc5e1ae3800):  JavaThread "main" [_thread_in_vm, id=12887, stack(0x00007fff0b0c7000,0x00007fff0b1c7000)]

siginfo:si_signo=SIGSEGV: si_errno=0, si_code=1 (SEGV_MAPERR), si_addr=0x0000000000000000

Registers:
RAX=0x00007fff0b1c3e10, RBX=0x00007fff0b1c3d60, RCX=0x00007fc5e0f1d34c, RDX=0x00007fff0b1c3dc0
RSP=0x00007fff0b1c3d00, RBP=0x00007fff0b1c3d30, RSI=0x0000000000000000, RDI=0x00007fff0b1c3d60
R8 =0x00007fc5e1b07670, R9 =0x000000000000000c, R10=0x00007fc5e1728420, R11=0x00007fc5e0ed4ce0
R12=0x00007fff0b1c3dc0, R13=0x00007fff0b1c3da0, R14=0x0000000000000000, R15=0x00007fc5e1ae39e8
RIP=0x00007fc5e0f2d1cb, EFLAGS=0x0000000000010206, CSGSFS=0x0000000000000033, ERR=0x0000000000000004
  TRAPNO=0x000000000000000e

Top of Stack: (sp=0x00007fff0b1c3d00)
0x00007fff0b1c3d00:   0000003000000028 00007fff0b1c3d60
0x00007fff0b1c3d10:   00007fff0b1c3d60 00007fc5e1ae3800
0x00007fff0b1c3d20:   00007fff0b1c3da0 0000000000000000
0x00007fff0b1c3d30:   00007fff0b1c3ef0 00007fc5e0f1d41c
0x00007fff0b1c3d40:   00007fc5e1ae3800 00007fc5e1b52c90
0x00007fff0b1c3d50:   00007fc5e1b63e50 00007fc5e1b01688
0x00007fff0b1c3d60:   00007fc5e16cd930 00007fc5d67941e0
0x00007fff0b1c3d70:   00000000e1738b60 00007fc50000000e
0x00007fff0b1c3d80:   00007fff0b1c3c40 0000003000000020
0x00007fff0b1c3d90:   00007fff0b1c3f00 00007fff0b1c3e10
0x00007fff0b1c3da0:   00007fc5e1ae3800 00007fc5e1b52c80
0x00007fff0b1c3db0:   000000000000063e 00007fc5e12d31b8
0x00007fff0b1c3dc0:   0000003000000018 00007fff0b1c3f00
0x00007fff0b1c3dd0:   00007fff0b1c3e10 0000000000000003
0x00007fff0b1c3de0:   00007fff0000000e 00007fc5fadd9b4a
0x00007fff0b1c3df0:   00007fc5e1ae3800 00007fc5e1ae3800
0x00007fff0b1c3e00:   00007fc5e1ae3800 00000007d6ecda50
0x00007fff0b1c3e10:   00007fc5e1b52c90 0000000000000000
0x00007fff0b1c3e20:   00007fff0b1c3e50 00007fc5e0f1d2d0
0x00007fff0b1c3e30:   00007fc5e1b07670 000000000000000c
0x00007fff0b1c3e40:   0000000000000000 00007fff0b1c3f90
0x00007fff0b1c3e50:   00007fff0b1c3e80 00007fc5e1ae3800
0x00007fff0b1c3e60:   0000000000000000 00007fc5e1ae39e8
0x00007fff0b1c3e70:   00007fc5e1ae3800 00007fc5e1b016a0
0x00007fff0b1c3e80:   00007fff0b1c3ef0 00007fc5e0f2b076
0x00007fff0b1c3e90:   00007fc5e1ae3800 00007fc5e1b52c80
0x00007fff0b1c3ea0:   00007fc50000063e 00007fc5e12d31b8
0x00007fff0b1c3eb0:   00007fc5e1ae3800 000000000000000a
0x00007fff0b1c3ec0:   00007fc5e1bb3138 0000000000000000
0x00007fff0b1c3ed0:   0000000000400620 00007fff0b1c42b0
0x00007fff0b1c3ee0:   0000000000000000 0000000000000000
0x00007fff0b1c3ef0:   00007fff0b1c41a0 0000000000400a94 

Instructions: (pc=0x00007fc5e0f2d1cb)
0x00007fc5e0f2d1ab:   ff ff ff 90 90 55 48 89 e5 48 89 5d e0 4c 89 65
0x00007fc5e0f2d1bb:   e8 49 89 d4 4c 89 6d f0 4c 89 75 f8 48 83 ec 30
0x00007fc5e0f2d1cb:   48 8b 06 48 89 fb 48 8b 40 10 0f b7 50 3a 48 8b
0x00007fc5e0f2d1db:   48 20 4c 63 ea 4e 8d 74 e9 40 49 8b 06 48 89 45 

Register to memory mapping:

RAX=0x00007fff0b1c3e10 is pointing into the stack for thread: 0x00007fc5e1ae3800
RBX=0x00007fff0b1c3d60 is pointing into the stack for thread: 0x00007fc5e1ae3800
RCX=0x00007fc5e0f1d34c: <offset 0x64834c> in /opt/java/jdk1.7.0_75/jre/lib/amd64/server/libjvm.so at 0x00007fc5e08d5000
RDX=0x00007fff0b1c3dc0 is pointing into the stack for thread: 0x00007fc5e1ae3800
RSP=0x00007fff0b1c3d00 is pointing into the stack for thread: 0x00007fc5e1ae3800
RBP=0x00007fff0b1c3d30 is pointing into the stack for thread: 0x00007fc5e1ae3800
RSI=0x0000000000000000 is an unknown value
RDI=0x00007fff0b1c3d60 is pointing into the stack for thread: 0x00007fc5e1ae3800
R8 =0x00007fc5e1b07670 is an unknown value
R9 =0x000000000000000c is an unknown value
R10=0x00007fc5e1728420: <offset 0xe53420> in /opt/java/jdk1.7.0_75/jre/lib/amd64/server/libjvm.so at 0x00007fc5e08d5000
R11=0x00007fc5e0ed4ce0: <offset 0x5ffce0> in /opt/java/jdk1.7.0_75/jre/lib/amd64/server/libjvm.so at 0x00007fc5e08d5000
R12=0x00007fff0b1c3dc0 is pointing into the stack for thread: 0x00007fc5e1ae3800
R13=0x00007fff0b1c3da0 is pointing into the stack for thread: 0x00007fc5e1ae3800
R14=0x0000000000000000 is an unknown value
R15=0x00007fc5e1ae39e8 is an unknown value


Stack: [0x00007fff0b0c7000,0x00007fff0b1c7000],  sp=0x00007fff0b1c3d00,  free space=1011k
Native frames: (J=compiled Java code, j=interpreted, Vv=VM code, C=native code)
V  [libjvm.so+0x6581cb]  JNI_ArgumentPusherVaArg::JNI_ArgumentPusherVaArg(_jmethodID*, __va_list_tag*)+0x1b
V  [libjvm.so+0x64841c]  jni_CallVoidMethod+0x14c
C  [hw+0xa94]  puts@@GLIBC_2.2.5+0xa94
C  [hw+0xb96]  puts@@GLIBC_2.2.5+0xb96


---------------  P R O C E S S  ---------------

Java Threads: ( => current thread )
  0x00007fc5d4534800 JavaThread "Service Thread" daemon [_thread_blocked, id=12898, stack(0x00007fc5d406f000,0x00007fc5d4170000)]
  0x00007fc5d4533800 JavaThread "C2 CompilerThread1" daemon [_thread_blocked, id=12897, stack(0x00007fc5d41cf000,0x00007fc5d42d0000)]
  0x00007fc5d4531800 JavaThread "C2 CompilerThread0" daemon [_thread_blocked, id=12896, stack(0x00007fc5d42ef000,0x00007fc5d43f0000)]
  0x00007fc5d4530800 JavaThread "Signal Dispatcher" daemon [_thread_blocked, id=12895, stack(0x00007fc5d441f000,0x00007fc5d4520000)]
  0x00007fc5e1ae4800 JavaThread "Finalizer" daemon [_thread_blocked, id=12894, stack(0x00007fc5d4f5f000,0x00007fc5d5060000)]
  0x00007fc5e1aea800 JavaThread "Reference Handler" daemon [_thread_blocked, id=12893, stack(0x00007fc5d50af000,0x00007fc5d51b0000)]
=>0x00007fc5e1ae3800 JavaThread "main" [_thread_in_vm, id=12887, stack(0x00007fff0b0c7000,0x00007fff0b1c7000)]

Other Threads:
  0x00007fc5e1aee800 VMThread [stack: 0x00007fc5d51ef000,0x00007fc5d52f0000] [id=12892]
  0x00007fc5d4535800 WatcherThread [stack: 0x00007fc5d3f1f000,0x00007fc5d4020000] [id=12899]

VM state:not at safepoint (normal execution)

VM Mutex/Monitor currently owned by a thread: None

Heap
 PSYoungGen      total 37376K, used 1290K [0x00000007d6e80000, 0x00000007d9800000, 0x0000000800000000)
  eden space 32256K, 4% used [0x00000007d6e80000,0x00000007d6fc29e8,0x00000007d8e00000)
  from space 5120K, 0% used [0x00000007d9300000,0x00000007d9300000,0x00000007d9800000)
  to   space 5120K, 0% used [0x00000007d8e00000,0x00000007d8e00000,0x00000007d9300000)
 ParOldGen       total 83968K, used 0K [0x0000000784c00000, 0x0000000789e00000, 0x00000007d6e80000)
  object space 83968K, 0% used [0x0000000784c00000,0x0000000784c00000,0x0000000789e00000)
 PSPermGen       total 21504K, used 2409K [0x000000077fa00000, 0x0000000780f00000, 0x0000000784c00000)
  object space 21504K, 11% used [0x000000077fa00000,0x000000077fc5a458,0x0000000780f00000)

Card table byte_map: [0x00007fc5db2f9000,0x00007fc5db6fd000] byte_map_base: 0x00007fc5d76fc000

Polling page: 0x00007fc5e1bc4000

Code Cache  [0x00007fc5db7bd000, 0x00007fc5dba2d000, 0x00007fc5de7bd000)
 total_blobs=162 nmethods=0 adapters=131 free_code_cache=48775Kb largest_free_block=49946112

Compilation events (0 events):
No events

GC Heap History (0 events):
No events

Deoptimization events (0 events):
No events

Internal exceptions (5 events):
Event: 0.023 Thread 0x00007fc5e1ae3800 Threw 0x00000007d6e8f180 at /HUDSON/workspace/7u-2-build-linux-amd64/jdk7u75/1940/hotspot/src/share/vm/prims/jni.cpp:3991
Event: 0.042 Thread 0x00007fc5e1ae3800 Threw 0x00000007d6ec5b90 at /HUDSON/workspace/7u-2-build-linux-amd64/jdk7u75/1940/hotspot/src/share/vm/prims/jvm.cpp:1281
Event: 0.045 Thread 0x00007fc5e1ae3800 Threw 0x00000007d6ecabc0 at /HUDSON/workspace/7u-2-build-linux-amd64/jdk7u75/1940/hotspot/src/share/vm/prims/jvm.cpp:1281
Event: 0.045 Thread 0x00007fc5e1ae3800 Threw 0x00000007d6ecc268 at /HUDSON/workspace/7u-2-build-linux-amd64/jdk7u75/1940/hotspot/src/share/vm/prims/jvm.cpp:1281
Event: 0.045 Thread 0x00007fc5e1ae3800 Threw 0x00000007d6ecd930 at /HUDSON/workspace/7u-2-build-linux-amd64/jdk7u75/1940/hotspot/src/share/vm/prims/jni.cpp:1598

Events (10 events):
Event: 0.044 loading class 0x00007fc5d67e8590
Event: 0.045 loading class 0x00007fc5d67e8590 done
Event: 0.045 loading class 0x00007fc5d67e8620
Event: 0.045 loading class 0x00007fc5d67e8620 done
Event: 0.045 loading class 0x00007fc5d67b66e0
Event: 0.045 loading class 0x00007fc5d67b66e0 done
Event: 0.045 loading class 0x00007fc5e1b63d30
Event: 0.045 loading class 0x00007fc5e1b63d30 done
Event: 0.045 loading class 0x00007fc5e1b63dd0
Event: 0.045 loading class 0x00007fc5e1b63dd0 done


Dynamic libraries:
00400000-00401000 r-xp 00000000 08:03 12586855                           /home/suresh/codes/Git/C-codes/src/sys_kernel/hw
00601000-00602000 r--p 00001000 08:03 12586855                           /home/suresh/codes/Git/C-codes/src/sys_kernel/hw
00602000-00603000 rw-p 00002000 08:03 12586855                           /home/suresh/codes/Git/C-codes/src/sys_kernel/hw
77fa00000-780f00000 rw-p 00000000 00:00 0 
780f00000-784c00000 rw-p 00000000 00:00 0 
784c00000-789e00000 rw-p 00000000 00:00 0 
789e00000-7d6e80000 rw-p 00000000 00:00 0 
7d6e80000-7d9800000 rw-p 00000000 00:00 0 
7d9800000-800000000 rw-p 00000000 00:00 0 
7fc5d3c40000-7fc5d3dde000 rwxp 00000000 00:00 0 
7fc5d3de0000-7fc5d3ed4000 rwxp 00000000 00:00 0 
7fc5d3ee0000-7fc5d3f10000 rwxp 00000000 00:00 0 
7fc5d3f1f000-7fc5d3f20000 ---p 00000000 00:00 0 
7fc5d3f20000-7fc5d4020000 rw-p 00000000 00:00 0                          [stack:12899]
7fc5d4020000-7fc5d4029000 rwxp 00000000 00:00 0 
7fc5d4030000-7fc5d4049000 rwxp 00000000 00:00 0 
7fc5d4050000-7fc5d4060000 rwxp 00000000 00:00 0 
7fc5d406f000-7fc5d4072000 ---p 00000000 00:00 0 
7fc5d4072000-7fc5d4170000 rw-p 00000000 00:00 0                          [stack:12898]
7fc5d4170000-7fc5d41c0000 rwxp 00000000 00:00 0 
7fc5d41cf000-7fc5d41d2000 ---p 00000000 00:00 0 
7fc5d41d2000-7fc5d42d0000 rw-p 00000000 00:00 0                          [stack:12897]
7fc5d42d0000-7fc5d42e0000 rwxp 00000000 00:00 0 
7fc5d42ef000-7fc5d42f2000 ---p 00000000 00:00 0 
7fc5d42f2000-7fc5d43f0000 rw-p 00000000 00:00 0                          [stack:12896]
7fc5d43f0000-7fc5d4410000 rwxp 00000000 00:00 0 
7fc5d441f000-7fc5d4422000 ---p 00000000 00:00 0 
7fc5d4422000-7fc5d4520000 rw-p 00000000 00:00 0                          [stack:12895]
7fc5d4520000-7fc5d4529000 rwxp 00000000 00:00 0 
7fc5d4530000-7fc5d4550000 rwxp 00000000 00:00 0 
7fc5d4552000-7fc5d4f20000 r--p 00000000 08:03 6558446                    /usr/lib/locale/locale-archive
7fc5d4f20000-7fc5d4f50000 rwxp 00000000 00:00 0 
7fc5d4f5f000-7fc5d4f62000 ---p 00000000 00:00 0 
7fc5d4f62000-7fc5d5060000 rw-p 00000000 00:00 0                          [stack:12894]
7fc5d5060000-7fc5d5077000 rwxp 00000000 00:00 0 
7fc5d5080000-7fc5d50a0000 rwxp 00000000 00:00 0 
7fc5d50af000-7fc5d50b2000 ---p 00000000 00:00 0 
7fc5d50b2000-7fc5d51b0000 rw-p 00000000 00:00 0                          [stack:12893]
7fc5d51b0000-7fc5d51e0000 rwxp 00000000 00:00 0 
7fc5d51ef000-7fc5d51f0000 ---p 00000000 00:00 0 
7fc5d51f0000-7fc5d52f0000 rw-p 00000000 00:00 0                          [stack:12892]
7fc5d52f0000-7fc5d540f000 rwxp 00000000 00:00 0 
7fc5d5410000-7fc5d552f000 rwxp 00000000 00:00 0 
7fc5d5530000-7fc5d564f000 rwxp 00000000 00:00 0 
7fc5d5650000-7fc5d576f000 rwxp 00000000 00:00 0 
7fc5d5770000-7fc5d588f000 rwxp 00000000 00:00 0 
7fc5d5890000-7fc5d58b1000 rwxp 00000000 00:00 0 
7fc5d58c0000-7fc5d59df000 rwxp 00000000 00:00 0 
7fc5d59e0000-7fc5d5a01000 rwxp 00000000 00:00 0 
7fc5d5a10000-7fc5d5b2f000 rwxp 00000000 00:00 0 
7fc5d5b30000-7fc5d5b51000 rwxp 00000000 00:00 0 
7fc5d5b60000-7fc5d5c7f000 rwxp 00000000 00:00 0 
7fc5d5c80000-7fc5d5ca1000 rwxp 00000000 00:00 0 
7fc5d5cb0000-7fc5d5dcf000 rwxp 00000000 00:00 0 
7fc5d5dd0000-7fc5d5df1000 rwxp 00000000 00:00 0 
7fc5d5e00000-7fc5d5f1f000 rwxp 00000000 00:00 0 
7fc5d5f20000-7fc5d603f000 rwxp 00000000 00:00 0 
7fc5d6040000-7fc5d615f000 rwxp 00000000 00:00 0 
7fc5d6160000-7fc5d627f000 rwxp 00000000 00:00 0 
7fc5d6280000-7fc5d639f000 rwxp 00000000 00:00 0 
7fc5d63a0000-7fc5d64bf000 rwxp 00000000 00:00 0 
7fc5d64c0000-7fc5d64d9000 rwxp 00000000 00:00 0 
7fc5d64e0000-7fc5d64eb000 rwxp 00000000 00:00 0 
7fc5d64f0000-7fc5d6541000 rwxp 00000000 00:00 0 
7fc5d6541000-7fc5d6700000 r--s 039eb000 08:03 19270385                   /opt/java/jdk1.7.0_75/jre/lib/rt.jar
7fc5d6700000-7fc5d678b000 rwxp 00000000 00:00 0 
7fc5d6790000-7fc5d67f1000 rwxp 00000000 00:00 0 
7fc5d6800000-7fc5d682f000 rwxp 00000000 00:00 0 
7fc5d6830000-7fc5dac63000 rw-p 00000000 00:00 0 
7fc5dac63000-7fc5dac64000 ---p 00000000 00:00 0 
7fc5dac64000-7fc5dad64000 rw-p 00000000 00:00 0                          [stack:12891]
7fc5dad64000-7fc5dad65000 ---p 00000000 00:00 0 
7fc5dad65000-7fc5dae65000 rw-p 00000000 00:00 0                          [stack:12890]
7fc5dae65000-7fc5dae66000 ---p 00000000 00:00 0 
7fc5dae66000-7fc5daf66000 rw-p 00000000 00:00 0                          [stack:12889]
7fc5daf66000-7fc5daf67000 ---p 00000000 00:00 0 
7fc5daf67000-7fc5db090000 rw-p 00000000 00:00 0                          [stack:12888]
7fc5db090000-7fc5db2f9000 rw-p 00000000 00:00 0 
7fc5db2f9000-7fc5db304000 rw-p 00000000 00:00 0 
7fc5db304000-7fc5db322000 rw-p 00000000 00:00 0 
7fc5db322000-7fc5db34b000 rw-p 00000000 00:00 0 
7fc5db34b000-7fc5db5b3000 rw-p 00000000 00:00 0 
7fc5db5b3000-7fc5db5c8000 rw-p 00000000 00:00 0 
7fc5db5c8000-7fc5db6fc000 rw-p 00000000 00:00 0 
7fc5db6fc000-7fc5db707000 rw-p 00000000 00:00 0 
7fc5db707000-7fc5db7bd000 rw-p 00000000 00:00 0 
7fc5db7bd000-7fc5dba2d000 rwxp 00000000 00:00 0 
7fc5dba2d000-7fc5de7bd000 rw-p 00000000 00:00 0 
7fc5de7bd000-7fc5de7d7000 r-xp 00000000 08:03 19269728                   /opt/java/jdk1.7.0_75/jre/lib/amd64/libzip.so
7fc5de7d7000-7fc5de9d7000 ---p 0001a000 08:03 19269728                   /opt/java/jdk1.7.0_75/jre/lib/amd64/libzip.so
7fc5de9d7000-7fc5de9d8000 rw-p 0001a000 08:03 19269728                   /opt/java/jdk1.7.0_75/jre/lib/amd64/libzip.so
7fc5de9d8000-7fc5de9e3000 r-xp 00000000 08:03 2359394                    /lib/x86_64-linux-gnu/libnss_files-2.19.so
7fc5de9e3000-7fc5debe2000 ---p 0000b000 08:03 2359394                    /lib/x86_64-linux-gnu/libnss_files-2.19.so
7fc5debe2000-7fc5debe3000 r--p 0000a000 08:03 2359394                    /lib/x86_64-linux-gnu/libnss_files-2.19.so
7fc5debe3000-7fc5debe4000 rw-p 0000b000 08:03 2359394                    /lib/x86_64-linux-gnu/libnss_files-2.19.so
7fc5debe4000-7fc5debef000 r-xp 00000000 08:03 2363385                    /lib/x86_64-linux-gnu/libnss_nis-2.19.so
7fc5debef000-7fc5dedee000 ---p 0000b000 08:03 2363385                    /lib/x86_64-linux-gnu/libnss_nis-2.19.so
7fc5dedee000-7fc5dedef000 r--p 0000a000 08:03 2363385                    /lib/x86_64-linux-gnu/libnss_nis-2.19.so
7fc5dedef000-7fc5dedf0000 rw-p 0000b000 08:03 2363385                    /lib/x86_64-linux-gnu/libnss_nis-2.19.so
7fc5dedf0000-7fc5dee07000 r-xp 00000000 08:03 2363181                    /lib/x86_64-linux-gnu/libnsl-2.19.so
7fc5dee07000-7fc5df006000 ---p 00017000 08:03 2363181                    /lib/x86_64-linux-gnu/libnsl-2.19.so
7fc5df006000-7fc5df007000 r--p 00016000 08:03 2363181                    /lib/x86_64-linux-gnu/libnsl-2.19.so
7fc5df007000-7fc5df008000 rw-p 00017000 08:03 2363181                    /lib/x86_64-linux-gnu/libnsl-2.19.so
7fc5df008000-7fc5df00a000 rw-p 00000000 00:00 0 
7fc5df00a000-7fc5df013000 r-xp 00000000 08:03 2359402                    /lib/x86_64-linux-gnu/libnss_compat-2.19.so
7fc5df013000-7fc5df212000 ---p 00009000 08:03 2359402                    /lib/x86_64-linux-gnu/libnss_compat-2.19.so
7fc5df212000-7fc5df213000 r--p 00008000 08:03 2359402                    /lib/x86_64-linux-gnu/libnss_compat-2.19.so
7fc5df213000-7fc5df214000 rw-p 00009000 08:03 2359402                    /lib/x86_64-linux-gnu/libnss_compat-2.19.so
7fc5df214000-7fc5df23d000 r-xp 00000000 08:03 19269694                   /opt/java/jdk1.7.0_75/jre/lib/amd64/libjava.so
7fc5df23d000-7fc5df43d000 ---p 00029000 08:03 19269694                   /opt/java/jdk1.7.0_75/jre/lib/amd64/libjava.so
7fc5df43d000-7fc5df43f000 rw-p 00029000 08:03 19269694                   /opt/java/jdk1.7.0_75/jre/lib/amd64/libjava.so
7fc5df43f000-7fc5df44c000 r-xp 00000000 08:03 19269721                   /opt/java/jdk1.7.0_75/jre/lib/amd64/libverify.so
7fc5df44c000-7fc5df64b000 ---p 0000d000 08:03 19269721                   /opt/java/jdk1.7.0_75/jre/lib/amd64/libverify.so
7fc5df64b000-7fc5df64d000 rw-p 0000c000 08:03 19269721                   /opt/java/jdk1.7.0_75/jre/lib/amd64/libverify.so
7fc5df64d000-7fc5df654000 r-xp 00000000 08:03 2363280                    /lib/x86_64-linux-gnu/librt-2.19.so
7fc5df654000-7fc5df853000 ---p 00007000 08:03 2363280                    /lib/x86_64-linux-gnu/librt-2.19.so
7fc5df853000-7fc5df854000 r--p 00006000 08:03 2363280                    /lib/x86_64-linux-gnu/librt-2.19.so
7fc5df854000-7fc5df855000 rw-p 00007000 08:03 2363280                    /lib/x86_64-linux-gnu/librt-2.19.so
7fc5df855000-7fc5df95a000 r-xp 00000000 08:03 2359393                    /lib/x86_64-linux-gnu/libm-2.19.so
7fc5df95a000-7fc5dfb59000 ---p 00105000 08:03 2359393                    /lib/x86_64-linux-gnu/libm-2.19.so
7fc5dfb59000-7fc5dfb5a000 r--p 00104000 08:03 2359393                    /lib/x86_64-linux-gnu/libm-2.19.so
7fc5dfb5a000-7fc5dfb5b000 rw-p 00105000 08:03 2359393                    /lib/x86_64-linux-gnu/libm-2.19.so
7fc5dfb5b000-7fc5dfb71000 r-xp 00000000 08:03 2359387                    /lib/x86_64-linux-gnu/libgcc_s.so.1
7fc5dfb71000-7fc5dfd70000 ---p 00016000 08:03 2359387                    /lib/x86_64-linux-gnu/libgcc_s.so.1
7fc5dfd70000-7fc5dfd71000 r--p 00015000 08:03 2359387                    /lib/x86_64-linux-gnu/libgcc_s.so.1
7fc5dfd71000-7fc5dfd72000 rw-p 00016000 08:03 2359387                    /lib/x86_64-linux-gnu/libgcc_s.so.1
7fc5dfd72000-7fc5dfedf000 r-xp 00000000 08:03 6564484                    /usr/lib/x86_64-linux-gnu/libstdc++.so.6.0.21
7fc5dfedf000-7fc5e00de000 ---p 0016d000 08:03 6564484                    /usr/lib/x86_64-linux-gnu/libstdc++.so.6.0.21
7fc5e00de000-7fc5e00e8000 r--p 0016c000 08:03 6564484                    /usr/lib/x86_64-linux-gnu/libstdc++.so.6.0.21
7fc5e00e8000-7fc5e00ea000 rw-p 00176000 08:03 6564484                    /usr/lib/x86_64-linux-gnu/libstdc++.so.6.0.21
7fc5e00ea000-7fc5e00ee000 rw-p 00000000 00:00 0 
7fc5e00ee000-7fc5e0107000 r-xp 00000000 08:03 2363276                    /lib/x86_64-linux-gnu/libpthread-2.19.so
7fc5e0107000-7fc5e0306000 ---p 00019000 08:03 2363276                    /lib/x86_64-linux-gnu/libpthread-2.19.so
7fc5e0306000-7fc5e0307000 r--p 00018000 08:03 2363276                    /lib/x86_64-linux-gnu/libpthread-2.19.so
7fc5e0307000-7fc5e0308000 rw-p 00019000 08:03 2363276                    /lib/x86_64-linux-gnu/libpthread-2.19.so
7fc5e0308000-7fc5e030c000 rw-p 00000000 00:00 0 
7fc5e030c000-7fc5e030f000 r-xp 00000000 08:03 2359397                    /lib/x86_64-linux-gnu/libdl-2.19.so
7fc5e030f000-7fc5e050e000 ---p 00003000 08:03 2359397                    /lib/x86_64-linux-gnu/libdl-2.19.so
7fc5e050e000-7fc5e050f000 r--p 00002000 08:03 2359397                    /lib/x86_64-linux-gnu/libdl-2.19.so
7fc5e050f000-7fc5e0510000 rw-p 00003000 08:03 2359397                    /lib/x86_64-linux-gnu/libdl-2.19.so
7fc5e0510000-7fc5e06cb000 r-xp 00000000 08:03 2363264                    /lib/x86_64-linux-gnu/libc-2.19.so
7fc5e06cb000-7fc5e08ca000 ---p 001bb000 08:03 2363264                    /lib/x86_64-linux-gnu/libc-2.19.so
7fc5e08ca000-7fc5e08ce000 r--p 001ba000 08:03 2363264                    /lib/x86_64-linux-gnu/libc-2.19.so
7fc5e08ce000-7fc5e08d0000 rw-p 001be000 08:03 2363264                    /lib/x86_64-linux-gnu/libc-2.19.so
7fc5e08d0000-7fc5e08d5000 rw-p 00000000 00:00 0 
7fc5e08d5000-7fc5e1448000 r-xp 00000000 08:03 19269748                   /opt/java/jdk1.7.0_75/jre/lib/amd64/server/libjvm.so
7fc5e1448000-7fc5e1648000 ---p 00b73000 08:03 19269748                   /opt/java/jdk1.7.0_75/jre/lib/amd64/server/libjvm.so
7fc5e1648000-7fc5e170c000 rw-p 00b73000 08:03 19269748                   /opt/java/jdk1.7.0_75/jre/lib/amd64/server/libjvm.so
7fc5e170c000-7fc5e174d000 rw-p 00000000 00:00 0 
7fc5e174d000-7fc5e1760000 r-xp 00000000 08:03 19274299                   /opt/hoard/linux64/libhoard.so
7fc5e1760000-7fc5e1960000 ---p 00013000 08:03 19274299                   /opt/hoard/linux64/libhoard.so
7fc5e1960000-7fc5e1961000 r--p 00013000 08:03 19274299                   /opt/hoard/linux64/libhoard.so
7fc5e1961000-7fc5e1962000 rw-p 00014000 08:03 19274299                   /opt/hoard/linux64/libhoard.so
7fc5e1962000-7fc5e19b5000 rw-p 00000000 00:00 0 
7fc5e19b5000-7fc5e19d8000 r-xp 00000000 08:03 2363257                    /lib/x86_64-linux-gnu/ld-2.19.so
7fc5e19e0000-7fc5e19e5000 rwxp 00000000 00:00 0 
7fc5e19f0000-7fc5e19f9000 rwxp 00000000 00:00 0 
7fc5e1a07000-7fc5e1a30000 rw-p 00000000 00:00 0 
7fc5e1a30000-7fc5e1a60000 rwxp 00000000 00:00 0 
7fc5e1a67000-7fc5e1a72000 rw-p 00000000 00:00 0 
7fc5e1a72000-7fc5e1a90000 rw-p 00000000 00:00 0 
7fc5e1a90000-7fc5e1ab6000 rwxp 00000000 00:00 0 
7fc5e1ac0000-7fc5e1ac6000 rwxp 00000000 00:00 0 
7fc5e1ad0000-7fc5e1ad4000 rwxp 00000000 00:00 0 
7fc5e1ae0000-7fc5e1af9000 rwxp 00000000 00:00 0 
7fc5e1b00000-7fc5e1b83000 rwxp 00000000 00:00 0 
7fc5e1b8d000-7fc5e1b8f000 rw-p 00000000 00:00 0 
7fc5e1b8f000-7fc5e1baf000 rwxp 00000000 00:00 0 
7fc5e1baf000-7fc5e1bb7000 rw-p 00000000 00:00 0 
7fc5e1bb7000-7fc5e1bbf000 rw-s 00000000 08:03 6160413                    /tmp/hsperfdata_suresh/12887
7fc5e1bbf000-7fc5e1bc0000 rw-p 00000000 00:00 0 
7fc5e1bc0000-7fc5e1bc4000 rwxp 00000000 00:00 0 
7fc5e1bc4000-7fc5e1bc5000 r--p 00000000 00:00 0 
7fc5e1bc5000-7fc5e1bd5000 rwxp 00000000 00:00 0 
7fc5e1bd5000-7fc5e1bd7000 rw-p 00000000 00:00 0 
7fc5e1bd7000-7fc5e1bd8000 r--p 00022000 08:03 2363257                    /lib/x86_64-linux-gnu/ld-2.19.so
7fc5e1bd8000-7fc5e1bd9000 rw-p 00023000 08:03 2363257                    /lib/x86_64-linux-gnu/ld-2.19.so
7fc5e1bd9000-7fc5e1bda000 rw-p 00000000 00:00 0 
7fff0b0c7000-7fff0b0ca000 ---p 00000000 00:00 0 
7fff0b0cb000-7fff0b1c7000 rw-p 00000000 00:00 0                          [stack]
7fff0b1fe000-7fff0b200000 r-xp 00000000 00:00 0                          [vdso]
ffffffffff600000-ffffffffff601000 r-xp 00000000 00:00 0                  [vsyscall]

VM Arguments:
java_command: <unknown>
Launcher Type: generic

Environment Variables:
JAVA_HOME=/opt/java/current
PATH=/usr/bin:/opt/java/current/bin:/opt/maven/current/bin:/opt/hadoop/current/bin:/opt/spark/current/bin:/opt/hadoop/current/sbin:/bin:/usr/lib:/sbin:/usr/sbin:/opt/mysql/server-5.5/bin:/opt/mysql/server-5.5/lib:/opt/mysql/server-5.5/include:/opt/mysql/server-5.5/scripts:/opt/hive/current/bin:/usr/local/bin:/opt/phoenix/current/bin:/opt/hadoop/current//sbin:/opt/hadoop/current//bin:/opt/hbase/current/bin:/opt/cassandra/current/bin
LD_LIBRARY_PATH=/opt/java/jdk1.7.0_75/jre/lib/amd64/server/
LD_PRELOAD=/opt/hoard/linux64/libhoard.so
SHELL=/bin/bash
DISPLAY=:0.0

Signal Handlers:
SIGSEGV: [libjvm.so+0x9a21f0], sa_mask[0]=0x7ffbfeff, sa_flags=0x10000004
SIGBUS: [libjvm.so+0x9a21f0], sa_mask[0]=0x7ffbfeff, sa_flags=0x10000004
SIGFPE: [libjvm.so+0x81ba40], sa_mask[0]=0x7ffbfeff, sa_flags=0x10000004
SIGPIPE: [libjvm.so+0x81ba40], sa_mask[0]=0x7ffbfeff, sa_flags=0x10000004
SIGXFSZ: [libjvm.so+0x81ba40], sa_mask[0]=0x7ffbfeff, sa_flags=0x10000004
SIGILL: [libjvm.so+0x81ba40], sa_mask[0]=0x7ffbfeff, sa_flags=0x10000004
SIGUSR1: SIG_DFL, sa_mask[0]=0x00000000, sa_flags=0x00000000
SIGUSR2: [libjvm.so+0x81d240], sa_mask[0]=0x00000000, sa_flags=0x10000004
SIGHUP: [libjvm.so+0x81e360], sa_mask[0]=0x7ffbfeff, sa_flags=0x10000004
SIGINT: [libjvm.so+0x81e360], sa_mask[0]=0x7ffbfeff, sa_flags=0x10000004
SIGTERM: [libjvm.so+0x81e360], sa_mask[0]=0x7ffbfeff, sa_flags=0x10000004
SIGQUIT: [libjvm.so+0x81e360], sa_mask[0]=0x7ffbfeff, sa_flags=0x10000004


---------------  S Y S T E M  ---------------

OS:jessie/sid

uname:Linux 3.13.0-24-generic #46-Ubuntu SMP Thu Apr 10 19:11:08 UTC 2014 x86_64
libc:glibc 2.19 NPTL 2.19 
rlimit: STACK 8192k, CORE 1000000k, NPROC 62933, NOFILE 1000000, AS infinity
load average:0.28 0.15 0.15

/proc/meminfo:
MemTotal:        8076992 kB
MemFree:         3832192 kB
Buffers:          293400 kB
Cached:          1607148 kB
SwapCached:            0 kB
Active:          2727088 kB
Inactive:        1188068 kB
Active(anon):    2029776 kB
Inactive(anon):   167316 kB
Active(file):     697312 kB
Inactive(file):  1020752 kB
Unevictable:          48 kB
Mlocked:              48 kB
SwapTotal:             0 kB
SwapFree:              0 kB
Dirty:               116 kB
Writeback:             0 kB
AnonPages:       2014640 kB
Mapped:           346084 kB
Shmem:            182488 kB
Slab:             200112 kB
SReclaimable:     168116 kB
SUnreclaim:        31996 kB
KernelStack:        4720 kB
PageTables:        39136 kB
NFS_Unstable:          0 kB
Bounce:                0 kB
WritebackTmp:          0 kB
CommitLimit:     4038496 kB
Committed_AS:    6284396 kB
VmallocTotal:   34359738367 kB
VmallocUsed:      354116 kB
VmallocChunk:   34359370712 kB
HardwareCorrupted:     0 kB
AnonHugePages:    913408 kB
HugePages_Total:       0
HugePages_Free:        0
HugePages_Rsvd:        0
HugePages_Surp:        0
Hugepagesize:       2048 kB
DirectMap4k:       68060 kB
DirectMap2M:     8220672 kB


CPU:total 4 (2 cores per cpu, 2 threads per core) family 6 model 58 stepping 9, cmov, cx8, fxsr, mmx, sse, sse2, sse3, ssse3, sse4.1, sse4.2, popcnt, avx, erms, ht, tsc, tscinvbit, tscinv

/proc/cpuinfo:
processor	: 0
vendor_id	: GenuineIntel
cpu family	: 6
model		: 58
model name	: Intel(R) Core(TM) i3-3220 CPU @ 3.30GHz
stepping	: 9
microcode	: 0x15
cpu MHz		: 1600.000
cache size	: 3072 KB
physical id	: 0
siblings	: 4
core id		: 0
cpu cores	: 2
apicid		: 0
initial apicid	: 0
fpu		: yes
fpu_exception	: yes
cpuid level	: 13
wp		: yes
flags		: fpu vme de pse tsc msr pae mce cx8 apic sep mtrr pge mca cmov pat pse36 clflush dts acpi mmx fxsr sse sse2 ss ht tm pbe syscall nx rdtscp lm constant_tsc arch_perfmon pebs bts rep_good nopl xtopology nonstop_tsc aperfmperf eagerfpu pni pclmulqdq dtes64 monitor ds_cpl vmx est tm2 ssse3 cx16 xtpr pdcm pcid sse4_1 sse4_2 popcnt tsc_deadline_timer xsave avx f16c lahf_lm arat epb xsaveopt pln pts dtherm tpr_shadow vnmi flexpriority ept vpid fsgsbase smep erms
bogomips	: 6584.84
clflush size	: 64
cache_alignment	: 64
address sizes	: 36 bits physical, 48 bits virtual
power management:

processor	: 1
vendor_id	: GenuineIntel
cpu family	: 6
model		: 58
model name	: Intel(R) Core(TM) i3-3220 CPU @ 3.30GHz
stepping	: 9
microcode	: 0x15
cpu MHz		: 1600.000
cache size	: 3072 KB
physical id	: 0
siblings	: 4
core id		: 1
cpu cores	: 2
apicid		: 2
initial apicid	: 2
fpu		: yes
fpu_exception	: yes
cpuid level	: 13
wp		: yes
flags		: fpu vme de pse tsc msr pae mce cx8 apic sep mtrr pge mca cmov pat pse36 clflush dts acpi mmx fxsr sse sse2 ss ht tm pbe syscall nx rdtscp lm constant_tsc arch_perfmon pebs bts rep_good nopl xtopology nonstop_tsc aperfmperf eagerfpu pni pclmulqdq dtes64 monitor ds_cpl vmx est tm2 ssse3 cx16 xtpr pdcm pcid sse4_1 sse4_2 popcnt tsc_deadline_timer xsave avx f16c lahf_lm arat epb xsaveopt pln pts dtherm tpr_shadow vnmi flexpriority ept vpid fsgsbase smep erms
bogomips	: 6584.84
clflush size	: 64
cache_alignment	: 64
address sizes	: 36 bits physical, 48 bits virtual
power management:

processor	: 2
vendor_id	: GenuineIntel
cpu family	: 6
model		: 58
model name	: Intel(R) Core(TM) i3-3220 CPU @ 3.30GHz
stepping	: 9
microcode	: 0x15
cpu MHz		: 3300.000
cache size	: 3072 KB
physical id	: 0
siblings	: 4
core id		: 0
cpu cores	: 2
apicid		: 1
initial apicid	: 1
fpu		: yes
fpu_exception	: yes
cpuid level	: 13
wp		: yes
flags		: fpu vme de pse tsc msr pae mce cx8 apic sep mtrr pge mca cmov pat pse36 clflush dts acpi mmx fxsr sse sse2 ss ht tm pbe syscall nx rdtscp lm constant_tsc arch_perfmon pebs bts rep_good nopl xtopology nonstop_tsc aperfmperf eagerfpu pni pclmulqdq dtes64 monitor ds_cpl vmx est tm2 ssse3 cx16 xtpr pdcm pcid sse4_1 sse4_2 popcnt tsc_deadline_timer xsave avx f16c lahf_lm arat epb xsaveopt pln pts dtherm tpr_shadow vnmi flexpriority ept vpid fsgsbase smep erms
bogomips	: 6584.84
clflush size	: 64
cache_alignment	: 64
address sizes	: 36 bits physical, 48 bits virtual
power management:

processor	: 3
vendor_id	: GenuineIntel
cpu family	: 6
model		: 58
model name	: Intel(R) Core(TM) i3-3220 CPU @ 3.30GHz
stepping	: 9
microcode	: 0x15
cpu MHz		: 3300.000
cache size	: 3072 KB
physical id	: 0
siblings	: 4
core id		: 1
cpu cores	: 2
apicid		: 3
initial apicid	: 3
fpu		: yes
fpu_exception	: yes
cpuid level	: 13
wp		: yes
flags		: fpu vme de pse tsc msr pae mce cx8 apic sep mtrr pge mca cmov pat pse36 clflush dts acpi mmx fxsr sse sse2 ss ht tm pbe syscall nx rdtscp lm constant_tsc arch_perfmon pebs bts rep_good nopl xtopology nonstop_tsc aperfmperf eagerfpu pni pclmulqdq dtes64 monitor ds_cpl vmx est tm2 ssse3 cx16 xtpr pdcm pcid sse4_1 sse4_2 popcnt tsc_deadline_timer xsave avx f16c lahf_lm arat epb xsaveopt pln pts dtherm tpr_shadow vnmi flexpriority ept vpid fsgsbase smep erms
bogomips	: 6584.84
clflush size	: 64
cache_alignment	: 64
address sizes	: 36 bits physical, 48 bits virtual
power management:



Memory: 4k page, physical 8076992k(3832192k free), swap 0k(0k free)

vm_info: Java HotSpot(TM) 64-Bit Server VM (24.75-b04) for linux-amd64 JRE (1.7.0_75-b13), built on Dec 18 2014 16:45:18 by "java_re" with gcc 4.3.0 20080428 (Red Hat 4.3.0-8)

time: Wed Oct 28 14:39:19 2015
elapsed time: 0 seconds

