#
# A fatal error has been detected by the Java Runtime Environment:
#
#  SIGSEGV (0xb) at pc=0x00007f0911cc4756, pid=13733, tid=139676696573696
#
# JRE version: Java(TM) SE Runtime Environment (7.0_75-b13) (build 1.7.0_75-b13)
# Java VM: Java HotSpot(TM) 64-Bit Server VM (24.75-b04 mixed mode linux-amd64 compressed oops)
# Problematic frame:
# V  [libjvm.so+0x638756]  alloc_object(_jclass*, Thread*)+0x16
#
# Core dump written. Default location: /home/suresh/codes/Git/C-codes/src/sys_kernel/core or core.13733 (max size 1000000 kB). To ensure a full core dump, try "ulimit -c unlimited" before starting Java again
#
# If you would like to submit a bug report, please visit:
#   http://bugreport.sun.com/bugreport/crash.jsp
#

---------------  T H R E A D  ---------------

Current thread is native thread

siginfo:si_signo=SIGSEGV: si_errno=0, si_code=1 (SEGV_MAPERR), si_addr=0x0000000000000000

Registers:
RAX=0x0000000000000000, RBX=0x0000000000000000, RCX=0x00007f0911cd8275, RDX=0x00007f09124d9700
RSP=0x00007f0903e1ea70, RBP=0x00007f0903e1ea90, RSI=0x00007f0912c53800, RDI=0x0000000000000000
R8 =0x000000000000000a, R9 =0x00007f0912b4c5f0, R10=0x00007f0912b989e0, R11=0x0000000000000246
R12=0x00007f0912c53800, R13=0x0000000000000000, R14=0x00007f0912c539e8, R15=0x00007f0903e1eb00
RIP=0x00007f0911cc4756, EFLAGS=0x0000000000010202, CSGSFS=0x0000000000000033, ERR=0x0000000000000004
  TRAPNO=0x000000000000000e

Top of Stack: (sp=0x00007f0903e1ea70)
0x00007f0903e1ea70:   0000000500000000 0000000000000000
0x00007f0903e1ea80:   00007f0912c53800 0000000000000000
0x00007f0903e1ea90:   00007f0903e1ec40 00007f0911cd8300
0x00007f0903e1eaa0:   00007f0903e1eb30 00007f09113bec59
0x00007f0903e1eab0:   00007f0912dbe1c8 0000000000000000
0x00007f0903e1eac0:   0000000a00000000 0000000000000000
0x00007f0903e1ead0:   00007f0903e1caa4 0000000000000000
0x00007f0903e1eae0:   00007f0903e1caa4 00007f0912dbe1c8
0x00007f0903e1eaf0:   00007f0903e1caa3 0000000000000000
0x00007f0903e1eb00:   00007f0912c53800 0000000000000000
0x00007f0903e1eb10:   0000000000000000 0000000000000000
0x00007f0903e1eb20:   00007f0903e1f9c0 00007f0912b461a0
0x00007f0903e1eb30:   00007f0903e1ec40 00007f091138a17c
0x00007f0903e1eb40:   00000000ffffffff 00007f0903e1eb60
0x00007f0903e1eb50:   00007f0912c53800 00007f0912db94f8
0x00007f0903e1eb60:   00000000ffffffff 0000000000000000
0x00007f0903e1eb70:   00007f0912b4c1f0 00007f0911cd8200
0x00007f0903e1eb80:   000000000000000a 00007f0912b4c5f0
0x00007f0903e1eb90:   0000000000000000 00007f0912b989e0
0x00007f0903e1eba0:   00007f0900d30000 0000000000001270
0x00007f0903e1ebb0:   0000000000000000 00007f0912b4c5f0
0x00007f0903e1ebc0:   0000000000002000 00007f0912b4c1f0
0x00007f0903e1ebd0:   000000000000000a 00007f0903e1f9c0
0x00007f0903e1ebe0:   00007f0912b461a0 00007f091293f721
0x00007f0903e1ebf0:   00007f091250f8a4 0000000000002000
0x00007f0903e1ec00:   00007f0912b4c1f0 00007f0912b461c0
0x00007f0903e1ec10:   0000000000000000 000000000000061f
0x00007f0903e1ec20:   0000000000000000 0000000000000000
0x00007f0903e1ec30:   00007f0903e1f9c0 00007f0912b461a0
0x00007f0903e1ec40:   00007f0903e1ec90 0000000000401be5
0x00007f0903e1ec50:   0000000000000000 00007f0900d40070
0x00007f0903e1ec60:   00007f0900d30070 0000000000000000 

Instructions: (pc=0x00007f0911cc4756)
0x00007f0911cc4736:   08 25 ff ff ff 7f 74 d1 eb a8 55 48 89 e5 48 89
0x00007f0911cc4746:   5d e8 4c 89 65 f0 31 db 4c 89 6d f8 48 83 ec 20
0x00007f0911cc4756:   48 8b 3f 49 89 f5 e8 df 84 fc ff 48 85 c0 49 89
0x00007f0911cc4766:   c4 bf 10 00 00 00 74 2b 49 8b 9d 20 01 00 00 48 

Register to memory mapping:

RAX=0x0000000000000000 is an unknown value
RBX=0x0000000000000000 is an unknown value
RCX=0x00007f0911cd8275: <offset 0x64c275> in /opt/java/jdk1.7.0_75/jre/lib/amd64/server/libjvm.so at 0x00007f091168c000
RDX=0x00007f09124d9700: <offset 0xe4d700> in /opt/java/jdk1.7.0_75/jre/lib/amd64/server/libjvm.so at 0x00007f091168c000
RSP=0x00007f0903e1ea70 is an unknown value
RBP=0x00007f0903e1ea90 is an unknown value
RSI=0x00007f0912c53800 is a thread
RDI=0x0000000000000000 is an unknown value
R8 =0x000000000000000a is an unknown value
R9 =0x00007f0912b4c5f0: <offset 0x21a5f0> in /opt/hoard/linux64/libhoard.so at 0x00007f0912932000
R10=0x00007f0912b989e0: _ZZN5Hoard10ExactlyOneIN2HL10LockedHeapINS1_12SpinLockTypeENS_19AlignedMmapInstanceILm65536EEEEEEclEvE3buf+0 in /opt/hoard/linux64/libhoard.so at 0x00007f0912932000
R11=0x0000000000000246 is an unknown value
R12=0x00007f0912c53800 is a thread
R13=0x0000000000000000 is an unknown value
R14=0x00007f0912c539e8 is an unknown value
R15=0x00007f0903e1eb00 is an unknown value


Stack: [0x00007f090361f000,0x00007f0903e20000],  sp=0x00007f0903e1ea70,  free space=8190k
Native frames: (J=compiled Java code, j=interpreted, Vv=VM code, C=native code)
V  [libjvm.so+0x638756]  alloc_object(_jclass*, Thread*)+0x16
V  [libjvm.so+0x64c300]  jni_NewObject+0x100
C  [server+0x1be5]  pthread_cond_signal@@GLIBC_2.3.2+0x1be5
C  [server+0x45fb]  pthread_cond_signal@@GLIBC_2.3.2+0x45fb


---------------  P R O C E S S  ---------------

VM state:not at safepoint (normal execution)

VM Mutex/Monitor currently owned by a thread: None

Heap
 PSYoungGen      total 37376K, used 1290K [0x00000007d6e80000, 0x00000007d9800000, 0x0000000800000000)
  eden space 32256K, 4% used [0x00000007d6e80000,0x00000007d6fc29e8,0x00000007d8e00000)
  from space 5120K, 0% used [0x00000007d9300000,0x00000007d9300000,0x00000007d9800000)
  to   space 5120K, 0% used [0x00000007d8e00000,0x00000007d8e00000,0x00000007d9300000)
 ParOldGen       total 83968K, used 0K [0x0000000784c00000, 0x0000000789e00000, 0x00000007d6e80000)
  object space 83968K, 0% used [0x0000000784c00000,0x0000000784c00000,0x0000000789e00000)
 PSPermGen       total 21504K, used 2167K [0x000000077fa00000, 0x0000000780f00000, 0x0000000784c00000)
  object space 21504K, 10% used [0x000000077fa00000,0x000000077fc1dc48,0x0000000780f00000)

Card table byte_map: [0x00007f090b214000,0x00007f090b618000] byte_map_base: 0x00007f0907617000

Polling page: 0x00007f0912d9f000

Code Cache  [0x00007f090b6d8000, 0x00007f090b948000, 0x00007f090e6d8000)
 total_blobs=157 nmethods=0 adapters=126 free_code_cache=48778Kb largest_free_block=49948672

Compilation events (0 events):
No events

GC Heap History (0 events):
No events

Deoptimization events (0 events):
No events

Internal exceptions (1 events):
Event: 0.021 Thread 0x00007f0912c53800 Threw 0x00000007d6e8f180 at /HUDSON/workspace/7u-2-build-linux-amd64/jdk7u75/1940/hotspot/src/share/vm/prims/jni.cpp:3991

Events (10 events):
Event: 0.037 loading class 0x00007f09066d4830
Event: 0.037 loading class 0x00007f09066d4830 done
Event: 0.037 loading class 0x00007f090668d370
Event: 0.037 loading class 0x00007f090668d370 done
Event: 0.038 Thread 0x00007f0904460800 Thread added: 0x00007f0904460800
Event: 0.038 Thread 0x00007f0904461800 Thread added: 0x00007f0904461800
Event: 0.038 Thread 0x00007f0904463800 Thread added: 0x00007f0904463800
Event: 0.038 Thread 0x00007f0904464800 Thread added: 0x00007f0904464800
Event: 4.043 Executing VM operation: EnableBiasedLocking
Event: 4.043 Executing VM operation: EnableBiasedLocking done


Dynamic libraries:
00400000-00406000 r-xp 00000000 08:03 12585843                           /home/suresh/codes/Git/C-codes/src/sys_kernel/server
00605000-00606000 r--p 00005000 08:03 12585843                           /home/suresh/codes/Git/C-codes/src/sys_kernel/server
00606000-00607000 rw-p 00006000 08:03 12585843                           /home/suresh/codes/Git/C-codes/src/sys_kernel/server
77fa00000-780f00000 rw-p 00000000 00:00 0 
780f00000-784c00000 rw-p 00000000 00:00 0 
784c00000-789e00000 rw-p 00000000 00:00 0 
789e00000-7d6e80000 rw-p 00000000 00:00 0 
7d6e80000-7d9800000 rw-p 00000000 00:00 0 
7d9800000-800000000 rw-p 00000000 00:00 0 
7f0900a10000-7f0900bde000 rwxp 00000000 00:00 0 
7f0900be0000-7f0900ce4000 rwxp 00000000 00:00 0 
7f0900cf0000-7f0900d93000 rwxp 00000000 00:00 0 
7f0900da0000-7f0900dd0000 rwxp 00000000 00:00 0 
7f0900ddf000-7f0900de0000 ---p 00000000 00:00 0 
7f0900de0000-7f09015e0000 rw-p 00000000 00:00 0                          [stack:13751]
7f09015e0000-7f09015f0000 rwxp 00000000 00:00 0 
7f09015ff000-7f0901600000 ---p 00000000 00:00 0 
7f0901600000-7f0901e00000 rw-p 00000000 00:00 0                          [stack:13750]
7f0901e00000-7f0901e10000 rwxp 00000000 00:00 0 
7f0901e1c000-7f0901e1d000 ---p 00000000 00:00 0 
7f0901e1d000-7f090261d000 rw-p 00000000 00:00 0                          [stack:13749]
7f090261d000-7f090261e000 ---p 00000000 00:00 0 
7f090261e000-7f0902e1e000 rw-p 00000000 00:00 0                          [stack:13748]
7f0902e1e000-7f0902e1f000 ---p 00000000 00:00 0 
7f0902e1f000-7f090361f000 rw-p 00000000 00:00 0                          [stack:13747]
7f090361f000-7f0903620000 ---p 00000000 00:00 0 
7f0903620000-7f0903e20000 rw-p 00000000 00:00 0                          [stack:13746]
7f0903e20000-7f0903e40000 rwxp 00000000 00:00 0 
7f0903e4f000-7f0903e50000 ---p 00000000 00:00 0 
7f0903e50000-7f0903f50000 rw-p 00000000 00:00 0                          [stack:13745]
7f0903f50000-7f0903f59000 rwxp 00000000 00:00 0 
7f0903f60000-7f0903f69000 rwxp 00000000 00:00 0 
7f0903f70000-7f0903f90000 rwxp 00000000 00:00 0 
7f0903f9f000-7f0903fa2000 ---p 00000000 00:00 0 
7f0903fa2000-7f09040a0000 rw-p 00000000 00:00 0                          [stack:13744]
7f09040a0000-7f09040f0000 rwxp 00000000 00:00 0 
7f09040ff000-7f0904102000 ---p 00000000 00:00 0 
7f0904102000-7f0904200000 rw-p 00000000 00:00 0                          [stack:13743]
7f0904200000-7f0904210000 rwxp 00000000 00:00 0 
7f090421f000-7f0904222000 ---p 00000000 00:00 0 
7f0904222000-7f0904320000 rw-p 00000000 00:00 0                          [stack:13742]
7f0904320000-7f0904340000 rwxp 00000000 00:00 0 
7f090434f000-7f0904352000 ---p 00000000 00:00 0 
7f0904352000-7f0904450000 rw-p 00000000 00:00 0                          [stack:13741]
7f0904450000-7f0904459000 rwxp 00000000 00:00 0 
7f0904460000-7f0904480000 rwxp 00000000 00:00 0 
7f0904482000-7f0904e50000 r--p 00000000 08:03 6558446                    /usr/lib/locale/locale-archive
7f0904e50000-7f0904e80000 rwxp 00000000 00:00 0 
7f0904e8f000-7f0904e92000 ---p 00000000 00:00 0 
7f0904e92000-7f0904f90000 rw-p 00000000 00:00 0                          [stack:13740]
7f0904f90000-7f0904fa7000 rwxp 00000000 00:00 0 
7f0904fb0000-7f0904fc0000 rwxp 00000000 00:00 0 
7f0904fce000-7f0904fd1000 ---p 00000000 00:00 0 
7f0904fd1000-7f09050cf000 rw-p 00000000 00:00 0                          [stack:13739]
7f09050cf000-7f09050d0000 ---p 00000000 00:00 0 
7f09050d0000-7f09051d0000 rw-p 00000000 00:00 0                          [stack:13738]
7f09051d0000-7f09052ef000 rwxp 00000000 00:00 0 
7f09052f0000-7f090540f000 rwxp 00000000 00:00 0 
7f0905410000-7f090552f000 rwxp 00000000 00:00 0 
7f0905530000-7f090564f000 rwxp 00000000 00:00 0 
7f0905650000-7f090576f000 rwxp 00000000 00:00 0 
7f0905770000-7f0905791000 rwxp 00000000 00:00 0 
7f09057a0000-7f09058bf000 rwxp 00000000 00:00 0 
7f09058c0000-7f09058e1000 rwxp 00000000 00:00 0 
7f09058f0000-7f0905a0f000 rwxp 00000000 00:00 0 
7f0905a10000-7f0905a31000 rwxp 00000000 00:00 0 
7f0905a40000-7f0905b5f000 rwxp 00000000 00:00 0 
7f0905b60000-7f0905b81000 rwxp 00000000 00:00 0 
7f0905b90000-7f0905caf000 rwxp 00000000 00:00 0 
7f0905cb0000-7f0905cd1000 rwxp 00000000 00:00 0 
7f0905ce0000-7f0905dff000 rwxp 00000000 00:00 0 
7f0905e00000-7f0905f1f000 rwxp 00000000 00:00 0 
7f0905f20000-7f090603f000 rwxp 00000000 00:00 0 
7f0906040000-7f090615f000 rwxp 00000000 00:00 0 
7f0906160000-7f090627f000 rwxp 00000000 00:00 0 
7f0906280000-7f090639f000 rwxp 00000000 00:00 0 
7f09063a0000-7f09063a5000 rwxp 00000000 00:00 0 
7f09063b0000-7f09063b9000 rwxp 00000000 00:00 0 
7f09063c0000-7f09063cb000 rwxp 00000000 00:00 0 
7f09063d0000-7f0906421000 rwxp 00000000 00:00 0 
7f0906421000-7f09065e0000 r--s 039eb000 08:03 19270385                   /opt/java/jdk1.7.0_75/jre/lib/rt.jar
7f09065e0000-7f09065e9000 rwxp 00000000 00:00 0 
7f09065f0000-7f090667b000 rwxp 00000000 00:00 0 
7f0906680000-7f09066e1000 rwxp 00000000 00:00 0 
7f09066f0000-7f090671f000 rwxp 00000000 00:00 0 
7f0906722000-7f090ab7e000 rw-p 00000000 00:00 0 
7f090ab7e000-7f090ab7f000 ---p 00000000 00:00 0 
7f090ab7f000-7f090ac7f000 rw-p 00000000 00:00 0                          [stack:13737]
7f090ac7f000-7f090ac80000 ---p 00000000 00:00 0 
7f090ac80000-7f090ad80000 rw-p 00000000 00:00 0                          [stack:13736]
7f090ad80000-7f090ad81000 ---p 00000000 00:00 0 
7f090ad81000-7f090ae81000 rw-p 00000000 00:00 0                          [stack:13735]
7f090ae81000-7f090ae82000 ---p 00000000 00:00 0 
7f090ae82000-7f090afab000 rw-p 00000000 00:00 0                          [stack:13734]
7f090afab000-7f090b214000 rw-p 00000000 00:00 0 
7f090b214000-7f090b21f000 rw-p 00000000 00:00 0 
7f090b21f000-7f090b23d000 rw-p 00000000 00:00 0 
7f090b23d000-7f090b266000 rw-p 00000000 00:00 0 
7f090b266000-7f090b4ce000 rw-p 00000000 00:00 0 
7f090b4ce000-7f090b4e3000 rw-p 00000000 00:00 0 
7f090b4e3000-7f090b617000 rw-p 00000000 00:00 0 
7f090b617000-7f090b622000 rw-p 00000000 00:00 0 
7f090b622000-7f090b6d8000 rw-p 00000000 00:00 0 
7f090b6d8000-7f090b948000 rwxp 00000000 00:00 0 
7f090b948000-7f090e6d8000 rw-p 00000000 00:00 0 
7f090e6d8000-7f090e6f2000 r-xp 00000000 08:03 19269728                   /opt/java/jdk1.7.0_75/jre/lib/amd64/libzip.so
7f090e6f2000-7f090e8f2000 ---p 0001a000 08:03 19269728                   /opt/java/jdk1.7.0_75/jre/lib/amd64/libzip.so
7f090e8f2000-7f090e8f3000 rw-p 0001a000 08:03 19269728                   /opt/java/jdk1.7.0_75/jre/lib/amd64/libzip.so
7f090e8f3000-7f090e8fe000 r-xp 00000000 08:03 2359394                    /lib/x86_64-linux-gnu/libnss_files-2.19.so
7f090e8fe000-7f090eafd000 ---p 0000b000 08:03 2359394                    /lib/x86_64-linux-gnu/libnss_files-2.19.so
7f090eafd000-7f090eafe000 r--p 0000a000 08:03 2359394                    /lib/x86_64-linux-gnu/libnss_files-2.19.so
7f090eafe000-7f090eaff000 rw-p 0000b000 08:03 2359394                    /lib/x86_64-linux-gnu/libnss_files-2.19.so
7f090eaff000-7f090eb0a000 r-xp 00000000 08:03 2363385                    /lib/x86_64-linux-gnu/libnss_nis-2.19.so
7f090eb0a000-7f090ed09000 ---p 0000b000 08:03 2363385                    /lib/x86_64-linux-gnu/libnss_nis-2.19.so
7f090ed09000-7f090ed0a000 r--p 0000a000 08:03 2363385                    /lib/x86_64-linux-gnu/libnss_nis-2.19.so
7f090ed0a000-7f090ed0b000 rw-p 0000b000 08:03 2363385                    /lib/x86_64-linux-gnu/libnss_nis-2.19.so
7f090ed0b000-7f090ed22000 r-xp 00000000 08:03 2363181                    /lib/x86_64-linux-gnu/libnsl-2.19.so
7f090ed22000-7f090ef21000 ---p 00017000 08:03 2363181                    /lib/x86_64-linux-gnu/libnsl-2.19.so
7f090ef21000-7f090ef22000 r--p 00016000 08:03 2363181                    /lib/x86_64-linux-gnu/libnsl-2.19.so
7f090ef22000-7f090ef23000 rw-p 00017000 08:03 2363181                    /lib/x86_64-linux-gnu/libnsl-2.19.so
7f090ef23000-7f090ef25000 rw-p 00000000 00:00 0 
7f090ef25000-7f090ef2e000 r-xp 00000000 08:03 2359402                    /lib/x86_64-linux-gnu/libnss_compat-2.19.so
7f090ef2e000-7f090f12d000 ---p 00009000 08:03 2359402                    /lib/x86_64-linux-gnu/libnss_compat-2.19.so
7f090f12d000-7f090f12e000 r--p 00008000 08:03 2359402                    /lib/x86_64-linux-gnu/libnss_compat-2.19.so
7f090f12e000-7f090f12f000 rw-p 00009000 08:03 2359402                    /lib/x86_64-linux-gnu/libnss_compat-2.19.so
7f090f12f000-7f090f158000 r-xp 00000000 08:03 19269694                   /opt/java/jdk1.7.0_75/jre/lib/amd64/libjava.so
7f090f158000-7f090f358000 ---p 00029000 08:03 19269694                   /opt/java/jdk1.7.0_75/jre/lib/amd64/libjava.so
7f090f358000-7f090f35a000 rw-p 00029000 08:03 19269694                   /opt/java/jdk1.7.0_75/jre/lib/amd64/libjava.so
7f090f35a000-7f090f367000 r-xp 00000000 08:03 19269721                   /opt/java/jdk1.7.0_75/jre/lib/amd64/libverify.so
7f090f367000-7f090f566000 ---p 0000d000 08:03 19269721                   /opt/java/jdk1.7.0_75/jre/lib/amd64/libverify.so
7f090f566000-7f090f568000 rw-p 0000c000 08:03 19269721                   /opt/java/jdk1.7.0_75/jre/lib/amd64/libverify.so
7f090f568000-7f090f56f000 r-xp 00000000 08:03 2363280                    /lib/x86_64-linux-gnu/librt-2.19.so
7f090f56f000-7f090f76e000 ---p 00007000 08:03 2363280                    /lib/x86_64-linux-gnu/librt-2.19.so
7f090f76e000-7f090f76f000 r--p 00006000 08:03 2363280                    /lib/x86_64-linux-gnu/librt-2.19.so
7f090f76f000-7f090f770000 rw-p 00007000 08:03 2363280                    /lib/x86_64-linux-gnu/librt-2.19.so
7f090f770000-7f090ffc5000 rwxp 00000000 00:00 0 
7f090ffd0000-7f0910825000 rwxp 00000000 00:00 0 
7f091082a000-7f091092f000 r-xp 00000000 08:03 2359393                    /lib/x86_64-linux-gnu/libm-2.19.so
7f091092f000-7f0910b2e000 ---p 00105000 08:03 2359393                    /lib/x86_64-linux-gnu/libm-2.19.so
7f0910b2e000-7f0910b2f000 r--p 00104000 08:03 2359393                    /lib/x86_64-linux-gnu/libm-2.19.so
7f0910b2f000-7f0910b30000 rw-p 00105000 08:03 2359393                    /lib/x86_64-linux-gnu/libm-2.19.so
7f0910b30000-7f0910b46000 r-xp 00000000 08:03 2359387                    /lib/x86_64-linux-gnu/libgcc_s.so.1
7f0910b46000-7f0910d45000 ---p 00016000 08:03 2359387                    /lib/x86_64-linux-gnu/libgcc_s.so.1
7f0910d45000-7f0910d46000 r--p 00015000 08:03 2359387                    /lib/x86_64-linux-gnu/libgcc_s.so.1
7f0910d46000-7f0910d47000 rw-p 00016000 08:03 2359387                    /lib/x86_64-linux-gnu/libgcc_s.so.1
7f0910d47000-7f0910eb4000 r-xp 00000000 08:03 6564484                    /usr/lib/x86_64-linux-gnu/libstdc++.so.6.0.21
7f0910eb4000-7f09110b3000 ---p 0016d000 08:03 6564484                    /usr/lib/x86_64-linux-gnu/libstdc++.so.6.0.21
7f09110b3000-7f09110bd000 r--p 0016c000 08:03 6564484                    /usr/lib/x86_64-linux-gnu/libstdc++.so.6.0.21
7f09110bd000-7f09110bf000 rw-p 00176000 08:03 6564484                    /usr/lib/x86_64-linux-gnu/libstdc++.so.6.0.21
7f09110bf000-7f09110c3000 rw-p 00000000 00:00 0 
7f09110c3000-7f09110c6000 r-xp 00000000 08:03 2359397                    /lib/x86_64-linux-gnu/libdl-2.19.so
7f09110c6000-7f09112c5000 ---p 00003000 08:03 2359397                    /lib/x86_64-linux-gnu/libdl-2.19.so
7f09112c5000-7f09112c6000 r--p 00002000 08:03 2359397                    /lib/x86_64-linux-gnu/libdl-2.19.so
7f09112c6000-7f09112c7000 rw-p 00003000 08:03 2359397                    /lib/x86_64-linux-gnu/libdl-2.19.so
7f09112c7000-7f0911482000 r-xp 00000000 08:03 2363264                    /lib/x86_64-linux-gnu/libc-2.19.so
7f0911482000-7f0911681000 ---p 001bb000 08:03 2363264                    /lib/x86_64-linux-gnu/libc-2.19.so
7f0911681000-7f0911685000 r--p 001ba000 08:03 2363264                    /lib/x86_64-linux-gnu/libc-2.19.so
7f0911685000-7f0911687000 rw-p 001be000 08:03 2363264                    /lib/x86_64-linux-gnu/libc-2.19.so
7f0911687000-7f091168c000 rw-p 00000000 00:00 0 
7f091168c000-7f09121ff000 r-xp 00000000 08:03 19269748                   /opt/java/jdk1.7.0_75/jre/lib/amd64/server/libjvm.so
7f09121ff000-7f09123ff000 ---p 00b73000 08:03 19269748                   /opt/java/jdk1.7.0_75/jre/lib/amd64/server/libjvm.so
7f09123ff000-7f09124c3000 rw-p 00b73000 08:03 19269748                   /opt/java/jdk1.7.0_75/jre/lib/amd64/server/libjvm.so
7f09124c3000-7f0912504000 rw-p 00000000 00:00 0 
7f0912504000-7f091251d000 r-xp 00000000 08:03 2363276                    /lib/x86_64-linux-gnu/libpthread-2.19.so
7f091251d000-7f091271c000 ---p 00019000 08:03 2363276                    /lib/x86_64-linux-gnu/libpthread-2.19.so
7f091271c000-7f091271d000 r--p 00018000 08:03 2363276                    /lib/x86_64-linux-gnu/libpthread-2.19.so
7f091271d000-7f091271e000 rw-p 00019000 08:03 2363276                    /lib/x86_64-linux-gnu/libpthread-2.19.so
7f091271e000-7f0912722000 rw-p 00000000 00:00 0 
7f0912722000-7f0912731000 r-xp 00000000 08:03 12586619                   /home/suresh/codes/Git/C-codes/src/sys_kernel/libq.so
7f0912731000-7f0912930000 ---p 0000f000 08:03 12586619                   /home/suresh/codes/Git/C-codes/src/sys_kernel/libq.so
7f0912930000-7f0912931000 r--p 0000e000 08:03 12586619                   /home/suresh/codes/Git/C-codes/src/sys_kernel/libq.so
7f0912931000-7f0912932000 rw-p 0000f000 08:03 12586619                   /home/suresh/codes/Git/C-codes/src/sys_kernel/libq.so
7f0912932000-7f0912945000 r-xp 00000000 08:03 19274299                   /opt/hoard/linux64/libhoard.so
7f0912945000-7f0912b45000 ---p 00013000 08:03 19274299                   /opt/hoard/linux64/libhoard.so
7f0912b45000-7f0912b46000 r--p 00013000 08:03 19274299                   /opt/hoard/linux64/libhoard.so
7f0912b46000-7f0912b47000 rw-p 00014000 08:03 19274299                   /opt/hoard/linux64/libhoard.so
7f0912b47000-7f0912b9a000 rw-p 00000000 00:00 0 
7f0912b9a000-7f0912bbd000 r-xp 00000000 08:03 2363257                    /lib/x86_64-linux-gnu/ld-2.19.so
7f0912bc7000-7f0912bd2000 rw-p 00000000 00:00 0 
7f0912bd2000-7f0912bf0000 rw-p 00000000 00:00 0 
7f0912bf0000-7f0912c16000 rwxp 00000000 00:00 0 
7f0912c20000-7f0912c26000 rwxp 00000000 00:00 0 
7f0912c30000-7f0912c34000 rwxp 00000000 00:00 0 
7f0912c40000-7f0912c44000 rwxp 00000000 00:00 0 
7f0912c50000-7f0912d63000 rwxp 00000000 00:00 0 
7f0912d6b000-7f0912d73000 rw-s 00000000 08:03 6160413                    /tmp/hsperfdata_suresh/13733
7f0912d73000-7f0912d93000 rwxp 00000000 00:00 0 
7f0912d93000-7f0912d9a000 rw-p 00000000 00:00 0 
7f0912d9b000-7f0912d9f000 rw-p 00000000 00:00 0 
7f0912d9f000-7f0912da0000 r--p 00000000 00:00 0 
7f0912da0000-7f0912db9000 rwxp 00000000 00:00 0 
7f0912db9000-7f0912dbc000 rw-p 00000000 00:00 0 
7f0912dbc000-7f0912dbd000 r--p 00022000 08:03 2363257                    /lib/x86_64-linux-gnu/ld-2.19.so
7f0912dbd000-7f0912dbe000 rw-p 00023000 08:03 2363257                    /lib/x86_64-linux-gnu/ld-2.19.so
7f0912dbe000-7f0912dbf000 rw-p 00000000 00:00 0 
7fffc4902000-7fffc4905000 ---p 00000000 00:00 0 
7fffc4906000-7fffc4a02000 rw-p 00000000 00:00 0                          [stack]
7fffc4b8a000-7fffc4b8c000 r-xp 00000000 00:00 0                          [vdso]
ffffffffff600000-ffffffffff601000 r-xp 00000000 00:00 0                  [vsyscall]

VM Arguments:
java_command: <unknown>
Launcher Type: generic

Environment Variables:
JAVA_HOME=/opt/java/current
PATH=/usr/bin:/opt/java/current/bin:/opt/maven/current/bin:/opt/hadoop/current/bin:/opt/spark/current/bin:/opt/hadoop/current/sbin:/bin:/usr/lib:/sbin:/usr/sbin:/opt/mysql/server-5.5/bin:/opt/mysql/server-5.5/lib:/opt/mysql/server-5.5/include:/opt/mysql/server-5.5/scripts:/opt/hive/current/bin:/usr/local/bin:/opt/phoenix/current/bin:/opt/hadoop/current//sbin:/opt/hadoop/current//bin:/opt/hbase/current/bin:/opt/cassandra/current/bin
LD_LIBRARY_PATH=/opt/kyotocabinet-1.2.76/:/lib:/usr/lib:/home/suresh/lib:/usr/local/lib/:/home/suresh/codes/Git/C-codes/src/sys_kernel:/home/suresh/codes/Git/C-codes/src/sys_kernel:/opt/java/jdk1.7.0_75/jre/lib/amd64/server/
LD_PRELOAD=/opt/hoard/linux64/libhoard.so
SHELL=/bin/bash
DISPLAY=:0.0

Signal Handlers:
SIGSEGV: [libjvm.so+0x9a21f0], sa_mask[0]=0x7ffbfeff, sa_flags=0x10000004
SIGBUS: [libjvm.so+0x9a21f0], sa_mask[0]=0x7ffbfeff, sa_flags=0x10000004
SIGFPE: [libjvm.so+0x81ba40], sa_mask[0]=0x7ffbfeff, sa_flags=0x10000004
SIGPIPE: [libjvm.so+0x81ba40], sa_mask[0]=0x7ffbfeff, sa_flags=0x10000004
SIGXFSZ: [libjvm.so+0x81ba40], sa_mask[0]=0x7ffbfeff, sa_flags=0x10000004
SIGILL: [libjvm.so+0x81ba40], sa_mask[0]=0x7ffbfeff, sa_flags=0x10000004
SIGUSR1: [server+0x4449], sa_mask[0]=0x00000000, sa_flags=0x00000000
SIGUSR2: [libjvm.so+0x81d240], sa_mask[0]=0x00000000, sa_flags=0x10000004
SIGHUP: [libjvm.so+0x81e360], sa_mask[0]=0x7ffbfeff, sa_flags=0x10000004
SIGINT: [libjvm.so+0x81e360], sa_mask[0]=0x7ffbfeff, sa_flags=0x10000004
SIGTERM: [libjvm.so+0x81e360], sa_mask[0]=0x7ffbfeff, sa_flags=0x10000004
SIGQUIT: [libjvm.so+0x81e360], sa_mask[0]=0x7ffbfeff, sa_flags=0x10000004


---------------  S Y S T E M  ---------------

OS:jessie/sid

uname:Linux 3.13.0-24-generic #46-Ubuntu SMP Thu Apr 10 19:11:08 UTC 2014 x86_64
libc:glibc 2.19 NPTL 2.19 
rlimit: STACK 8192k, CORE 1000000k, NPROC 62933, NOFILE 1000000, AS infinity
load average:0.70 0.25 0.18

/proc/meminfo:
MemTotal:        8076992 kB
MemFree:         3679116 kB
Buffers:          294952 kB
Cached:          1637000 kB
SwapCached:            0 kB
Active:          2849764 kB
Inactive:        1216636 kB
Active(anon):    2150372 kB
Inactive(anon):   187572 kB
Active(file):     699392 kB
Inactive(file):  1029064 kB
Unevictable:          48 kB
Mlocked:              48 kB
SwapTotal:             0 kB
SwapFree:              0 kB
Dirty:               568 kB
Writeback:             0 kB
AnonPages:       2134348 kB
Mapped:           368168 kB
Shmem:            203492 kB
Slab:             200616 kB
SReclaimable:     168464 kB
SUnreclaim:        32152 kB
KernelStack:        4976 kB
PageTables:        41036 kB
NFS_Unstable:          0 kB
Bounce:                0 kB
WritebackTmp:          0 kB
CommitLimit:     4038496 kB
Committed_AS:    6642896 kB
VmallocTotal:   34359738367 kB
VmallocUsed:      354148 kB
VmallocChunk:   34359369604 kB
HardwareCorrupted:     0 kB
AnonHugePages:    960512 kB
HugePages_Total:       0
HugePages_Free:        0
HugePages_Rsvd:        0
HugePages_Surp:        0
Hugepagesize:       2048 kB
DirectMap4k:       68060 kB
DirectMap2M:     8220672 kB


CPU:total 4 (2 cores per cpu, 2 threads per core) family 6 model 58 stepping 9, cmov, cx8, fxsr, mmx, sse, sse2, sse3, ssse3, sse4.1, sse4.2, popcnt, avx, erms, ht, tsc, tscinvbit, tscinv

/proc/cpuinfo:
processor	: 0
vendor_id	: GenuineIntel
cpu family	: 6
model		: 58
model name	: Intel(R) Core(TM) i3-3220 CPU @ 3.30GHz
stepping	: 9
microcode	: 0x15
cpu MHz		: 3300.000
cache size	: 3072 KB
physical id	: 0
siblings	: 4
core id		: 0
cpu cores	: 2
apicid		: 0
initial apicid	: 0
fpu		: yes
fpu_exception	: yes
cpuid level	: 13
wp		: yes
flags		: fpu vme de pse tsc msr pae mce cx8 apic sep mtrr pge mca cmov pat pse36 clflush dts acpi mmx fxsr sse sse2 ss ht tm pbe syscall nx rdtscp lm constant_tsc arch_perfmon pebs bts rep_good nopl xtopology nonstop_tsc aperfmperf eagerfpu pni pclmulqdq dtes64 monitor ds_cpl vmx est tm2 ssse3 cx16 xtpr pdcm pcid sse4_1 sse4_2 popcnt tsc_deadline_timer xsave avx f16c lahf_lm arat epb xsaveopt pln pts dtherm tpr_shadow vnmi flexpriority ept vpid fsgsbase smep erms
bogomips	: 6584.84
clflush size	: 64
cache_alignment	: 64
address sizes	: 36 bits physical, 48 bits virtual
power management:

processor	: 1
vendor_id	: GenuineIntel
cpu family	: 6
model		: 58
model name	: Intel(R) Core(TM) i3-3220 CPU @ 3.30GHz
stepping	: 9
microcode	: 0x15
cpu MHz		: 3300.000
cache size	: 3072 KB
physical id	: 0
siblings	: 4
core id		: 1
cpu cores	: 2
apicid		: 2
initial apicid	: 2
fpu		: yes
fpu_exception	: yes
cpuid level	: 13
wp		: yes
flags		: fpu vme de pse tsc msr pae mce cx8 apic sep mtrr pge mca cmov pat pse36 clflush dts acpi mmx fxsr sse sse2 ss ht tm pbe syscall nx rdtscp lm constant_tsc arch_perfmon pebs bts rep_good nopl xtopology nonstop_tsc aperfmperf eagerfpu pni pclmulqdq dtes64 monitor ds_cpl vmx est tm2 ssse3 cx16 xtpr pdcm pcid sse4_1 sse4_2 popcnt tsc_deadline_timer xsave avx f16c lahf_lm arat epb xsaveopt pln pts dtherm tpr_shadow vnmi flexpriority ept vpid fsgsbase smep erms
bogomips	: 6584.84
clflush size	: 64
cache_alignment	: 64
address sizes	: 36 bits physical, 48 bits virtual
power management:

processor	: 2
vendor_id	: GenuineIntel
cpu family	: 6
model		: 58
model name	: Intel(R) Core(TM) i3-3220 CPU @ 3.30GHz
stepping	: 9
microcode	: 0x15
cpu MHz		: 3300.000
cache size	: 3072 KB
physical id	: 0
siblings	: 4
core id		: 0
cpu cores	: 2
apicid		: 1
initial apicid	: 1
fpu		: yes
fpu_exception	: yes
cpuid level	: 13
wp		: yes
flags		: fpu vme de pse tsc msr pae mce cx8 apic sep mtrr pge mca cmov pat pse36 clflush dts acpi mmx fxsr sse sse2 ss ht tm pbe syscall nx rdtscp lm constant_tsc arch_perfmon pebs bts rep_good nopl xtopology nonstop_tsc aperfmperf eagerfpu pni pclmulqdq dtes64 monitor ds_cpl vmx est tm2 ssse3 cx16 xtpr pdcm pcid sse4_1 sse4_2 popcnt tsc_deadline_timer xsave avx f16c lahf_lm arat epb xsaveopt pln pts dtherm tpr_shadow vnmi flexpriority ept vpid fsgsbase smep erms
bogomips	: 6584.84
clflush size	: 64
cache_alignment	: 64
address sizes	: 36 bits physical, 48 bits virtual
power management:

processor	: 3
vendor_id	: GenuineIntel
cpu family	: 6
model		: 58
model name	: Intel(R) Core(TM) i3-3220 CPU @ 3.30GHz
stepping	: 9
microcode	: 0x15
cpu MHz		: 3300.000
cache size	: 3072 KB
physical id	: 0
siblings	: 4
core id		: 1
cpu cores	: 2
apicid		: 3
initial apicid	: 3
fpu		: yes
fpu_exception	: yes
cpuid level	: 13
wp		: yes
flags		: fpu vme de pse tsc msr pae mce cx8 apic sep mtrr pge mca cmov pat pse36 clflush dts acpi mmx fxsr sse sse2 ss ht tm pbe syscall nx rdtscp lm constant_tsc arch_perfmon pebs bts rep_good nopl xtopology nonstop_tsc aperfmperf eagerfpu pni pclmulqdq dtes64 monitor ds_cpl vmx est tm2 ssse3 cx16 xtpr pdcm pcid sse4_1 sse4_2 popcnt tsc_deadline_timer xsave avx f16c lahf_lm arat epb xsaveopt pln pts dtherm tpr_shadow vnmi flexpriority ept vpid fsgsbase smep erms
bogomips	: 6584.84
clflush size	: 64
cache_alignment	: 64
address sizes	: 36 bits physical, 48 bits virtual
power management:



Memory: 4k page, physical 8076992k(3679116k free), swap 0k(0k free)

vm_info: Java HotSpot(TM) 64-Bit Server VM (24.75-b04) for linux-amd64 JRE (1.7.0_75-b13), built on Dec 18 2014 16:45:18 by "java_re" with gcc 4.3.0 20080428 (Red Hat 4.3.0-8)

time: Wed Oct 28 15:04:05 2015
elapsed time: 13 seconds

